2014-03-23 14:38:30 [DEBUG]: START
2014-03-23 14:38:30 [DEBUG]:  /home/cisco211/PCT211/myBackup/core/Bootstrap.php:38
2014-03-23 14:38:30 [DEBUG]:  /home/cisco211/PCT211/myBackup/core/Exception.class.php:3
2014-03-23 14:38:30 [DEBUG]:  /home/cisco211/PCT211/myBackup/core/Option.class.php:3
2014-03-23 14:38:30 [DEBUG]:  /home/cisco211/PCT211/myBackup/core/Config.class.php:3
2014-03-23 14:38:30 [DEBUG]:  /home/cisco211/PCT211/myBackup/core/Controller.class.php:3
2014-03-23 14:38:30 [DEBUG]:   MB_Controller::__construct()
2014-03-23 14:38:30 [DEBUG]:   MB_Controller::route()
2014-03-23 14:38:30 [DEBUG]:   MB_Config::getInstance()
2014-03-23 14:38:30 [DEBUG]:   MB_Config::__construct()
2014-03-23 14:38:30 [DEBUG]:   MB_Config::_parse()
2014-03-23 14:38:30 [DEBUG]:    BACKUP_ROOT,'{$MB_ROOT}/backup'
2014-03-23 14:38:30 [DEBUG]:    EXEC_APPEND,'echo myBackup has started!'
2014-03-23 14:38:30 [DEBUG]:    EXEC_PREPEND,'echo myBackup has ended!'
2014-03-23 14:38:30 [DEBUG]:    FILE_CLONE
2014-03-23 14:38:30 [DEBUG]:    FILE_CLONE_CMD,'cp -rf {$source} {$target}'
2014-03-23 14:38:30 [DEBUG]:    MYSQL_DUMP
2014-03-23 14:38:30 [DEBUG]:    MYSQL_DUMP_CMD,'mysqldump -u {$user} -p{$password} {$database} > {$target}'
2014-03-23 14:38:30 [DEBUG]:   MB_Option::getInstance()
2014-03-23 14:38:30 [DEBUG]:   MB_Option::__construct()
2014-03-23 14:38:30 [DEBUG]:   MB_Option::_set()
2014-03-23 14:38:30 [DEBUG]:   MB_Option::_set()
2014-03-23 14:38:30 [DEBUG]:   MB_Option::_set()
2014-03-23 14:38:30 [DEBUG]:   MB_Option::__get()
2014-03-23 14:38:30 [DEBUG]:   MB_Option::exists()
2014-03-23 14:38:30 [DEBUG]:   MB_Option::getInstance()
2014-03-23 14:38:30 [DEBUG]:   MB_Option::__get()
2014-03-23 14:38:30 [DEBUG]:   MB_Option::exists()
2014-03-23 14:38:30 [DEBUG]:   MB_Controller::run()
2014-03-23 14:38:30 [DEBUG]:   MB_Controller::runAction()
2014-03-23 14:38:30 [DEBUG]:   MB_Controller::actionIndex()
2014-03-23 14:38:30 [DEBUG]:   MB_Exception::shutdownHandler()
2014-03-23 14:38:30 [DEBUG]: END 0.00807595253s

