2014-03-07 11:54:37 [DEBUG]: START
2014-03-07 11:54:37 [DEBUG]:  /home/cisco211/PCT211/myBackup/myBackup.ph
2014-03-07 11:54:37 [DEBUG]:  /home/cisco211/PCT211/myBackup/myBackup.ph
2014-03-07 11:54:37 [DEBUG]:  /home/cisco211/PCT211/myBackup/myBackup.ph
2014-03-07 11:54:37 [DEBUG]:  /home/cisco211/PCT211/myBackup/myBackup.ph
2014-03-07 11:54:37 [DEBUG]:  /home/cisco211/PCT211/myBackup/myBackup.ph
2014-03-07 11:54:37 [DEBUG]:   MB_Controller::__construct()
2014-03-07 11:54:37 [DEBUG]:   MB_Controller::route()
2014-03-07 11:54:37 [DEBUG]:   MB_Option::getInstance()
2014-03-07 11:54:37 [DEBUG]:   MB_Option::__construct()
2014-03-07 11:54:37 [DEBUG]:   MB_Option::_set()
2014-03-07 11:54:37 [DEBUG]:   MB_Option::_set()
2014-03-07 11:54:37 [DEBUG]:   MB_Option::_set()
2014-03-07 11:54:37 [DEBUG]:   MB_Option::getAll()
2014-03-07 11:54:37 [DEBUG]:   MB_Controller::run()
2014-03-07 11:54:37 [DEBUG]:   MB_Exception::shutdownHandler()
2014-03-07 11:54:37 [DEBUG]: END 0.01000905037s

2014-03-07 11:55:13 [DEBUG]: START
2014-03-07 11:55:13 [DEBUG]:  /home/cisco211/PCT211/myBackup/myBackup.ph
2014-03-07 11:55:13 [DEBUG]:  /home/cisco211/PCT211/myBackup/myBackup.ph
2014-03-07 11:55:13 [DEBUG]:  /home/cisco211/PCT211/myBackup/myBackup.ph
2014-03-07 11:55:13 [DEBUG]:  /home/cisco211/PCT211/myBackup/myBackup.ph
2014-03-07 11:55:13 [DEBUG]:  /home/cisco211/PCT211/myBackup/myBackup.ph
2014-03-07 11:55:13 [DEBUG]:   MB_Controller::__construct()
2014-03-07 11:55:13 [DEBUG]:   MB_Controller::route()
2014-03-07 11:55:13 [DEBUG]:   MB_Option::getInstance()
2014-03-07 11:55:13 [DEBUG]:   MB_Option::__construct()
2014-03-07 11:55:13 [DEBUG]:   MB_Option::_set()
2014-03-07 11:55:13 [DEBUG]:   MB_Option::_set()
2014-03-07 11:55:13 [DEBUG]:   MB_Option::_set()
2014-03-07 11:55:13 [DEBUG]:   MB_Option::getAll()
2014-03-07 11:55:13 [DEBUG]:   MB_Controller::run()
2014-03-07 11:55:13 [DEBUG]:   MB_Exception::shutdownHandler()
2014-03-07 11:55:13 [DEBUG]: END 0.00714588165s

2014-03-07 11:55:18 [DEBUG]: START
2014-03-07 11:55:18 [DEBUG]:  /home/cisco211/PCT211/myBackup/myBackup.ph
2014-03-07 11:55:18 [DEBUG]:  /home/cisco211/PCT211/myBackup/myBackup.ph
2014-03-07 11:55:18 [DEBUG]:  /home/cisco211/PCT211/myBackup/myBackup.ph
2014-03-07 11:55:18 [DEBUG]:  /home/cisco211/PCT211/myBackup/myBackup.ph
2014-03-07 11:55:18 [DEBUG]:  /home/cisco211/PCT211/myBackup/myBackup.ph
2014-03-07 11:55:18 [DEBUG]:   MB_Controller::__construct()
2014-03-07 11:55:18 [DEBUG]:   MB_Controller::route()
2014-03-07 11:55:18 [DEBUG]:   MB_Option::getInstance()
2014-03-07 11:55:18 [DEBUG]:   MB_Option::__construct()
2014-03-07 11:55:18 [DEBUG]:   MB_Option::_set()
2014-03-07 11:55:18 [DEBUG]:   MB_Option::_set()
2014-03-07 11:55:18 [DEBUG]:   MB_Option::_set()
2014-03-07 11:55:18 [DEBUG]:   MB_Option::getAll()
2014-03-07 11:55:18 [DEBUG]:   MB_Controller::run()
2014-03-07 11:55:18 [DEBUG]:   MB_Exception::shutdownHandler()
2014-03-07 11:55:18 [DEBUG]: END 0.00944709778s

2014-03-07 11:56:34 [DEBUG]: START
2014-03-07 11:56:34 [DEBUG]:  /home/cisco211/PCT211/myBackup/myBackup.ph
2014-03-07 11:56:34 [DEBUG]:  /home/cisco211/PCT211/myBackup/myBackup.ph
2014-03-07 11:56:34 [DEBUG]:  /home/cisco211/PCT211/myBackup/myBackup.ph
2014-03-07 11:56:34 [DEBUG]:  /home/cisco211/PCT211/myBackup/myBackup.ph
2014-03-07 11:56:34 [DEBUG]:  /home/cisco211/PCT211/myBackup/myBackup.ph
2014-03-07 11:56:34 [DEBUG]:   MB_Controller::__construct()
2014-03-07 11:56:34 [DEBUG]:   MB_Controller::route()
2014-03-07 11:56:34 [DEBUG]:   MB_Option::getInstance()
2014-03-07 11:56:34 [DEBUG]:   MB_Option::__construct()
2014-03-07 11:56:34 [DEBUG]:   MB_Option::_set()
2014-03-07 11:56:34 [DEBUG]:   MB_Option::_set()
2014-03-07 11:56:34 [DEBUG]:   MB_Option::_set()
2014-03-07 11:56:34 [DEBUG]:   MB_Option::getAll()
2014-03-07 11:56:34 [DEBUG]:   MB_Controller::run()
2014-03-07 11:56:34 [DEBUG]:   MB_Exception::shutdownHandler()
2014-03-07 11:56:34 [DEBUG]: END 0.01034784317s

2014-03-07 11:56:41 [DEBUG]: START
2014-03-07 11:56:41 [DEBUG]:  /home/cisco211/PCT211/myBackup/myBackup.ph
2014-03-07 11:56:41 [DEBUG]:  /home/cisco211/PCT211/myBackup/myBackup.ph
2014-03-07 11:56:41 [DEBUG]:  /home/cisco211/PCT211/myBackup/myBackup.ph
2014-03-07 11:56:41 [DEBUG]:  /home/cisco211/PCT211/myBackup/myBackup.ph
2014-03-07 11:56:41 [DEBUG]:  /home/cisco211/PCT211/myBackup/myBackup.ph
2014-03-07 11:56:41 [DEBUG]:   MB_Controller::__construct()
2014-03-07 11:56:41 [DEBUG]:   MB_Controller::route()
2014-03-07 11:56:41 [DEBUG]:   MB_Option::getInstance()
2014-03-07 11:56:41 [DEBUG]:   MB_Option::__construct()
2014-03-07 11:56:41 [DEBUG]:   MB_Option::_set()
2014-03-07 11:56:41 [DEBUG]:   MB_Option::_set()
2014-03-07 11:56:41 [DEBUG]:   MB_Option::_set()
2014-03-07 11:56:41 [DEBUG]:   MB_Option::getAll()
2014-03-07 11:56:41 [DEBUG]:   MB_Controller::run()
2014-03-07 11:56:41 [DEBUG]:   MB_Exception::shutdownHandler()
2014-03-07 11:56:41 [DEBUG]: END 0.00475311279s

2014-03-07 11:56:44 [DEBUG]: START
2014-03-07 11:56:44 [DEBUG]:  /home/cisco211/PCT211/myBackup/myBackup.ph
2014-03-07 11:56:44 [DEBUG]:  /home/cisco211/PCT211/myBackup/myBackup.ph
2014-03-07 11:56:44 [DEBUG]:  /home/cisco211/PCT211/myBackup/myBackup.ph
2014-03-07 11:56:44 [DEBUG]:  /home/cisco211/PCT211/myBackup/myBackup.ph
2014-03-07 11:56:44 [DEBUG]:  /home/cisco211/PCT211/myBackup/myBackup.ph
2014-03-07 11:56:44 [DEBUG]:   MB_Controller::__construct()
2014-03-07 11:56:44 [DEBUG]:   MB_Controller::route()
2014-03-07 11:56:44 [DEBUG]:   MB_Option::getInstance()
2014-03-07 11:56:44 [DEBUG]:   MB_Option::__construct()
2014-03-07 11:56:44 [DEBUG]:   MB_Option::_set()
2014-03-07 11:56:44 [DEBUG]:   MB_Option::_set()
2014-03-07 11:56:44 [DEBUG]:   MB_Option::_set()
2014-03-07 11:56:44 [DEBUG]:   MB_Option::getAll()
2014-03-07 11:56:44 [DEBUG]:   MB_Controller::run()
2014-03-07 11:56:44 [DEBUG]:   MB_Exception::shutdownHandler()
2014-03-07 11:56:44 [DEBUG]: END 0.01002502441s

2014-03-07 11:57:50 [DEBUG]: START
2014-03-07 11:57:50 [DEBUG]:  /home/cisco211/PCT211/myBackup/myBackup.ph
2014-03-07 11:57:50 [DEBUG]:  /home/cisco211/PCT211/myBackup/myBackup.ph
2014-03-07 11:57:50 [DEBUG]:  /home/cisco211/PCT211/myBackup/myBackup.ph
2014-03-07 11:57:50 [DEBUG]:  /home/cisco211/PCT211/myBackup/myBackup.ph
2014-03-07 11:57:50 [DEBUG]:  /home/cisco211/PCT211/myBackup/myBackup.ph
2014-03-07 11:57:50 [DEBUG]:   MB_Controller::__construct()
2014-03-07 11:57:50 [DEBUG]:   MB_Controller::route()
2014-03-07 11:57:50 [DEBUG]:   MB_Option::getInstance()
2014-03-07 11:57:50 [DEBUG]:   MB_Option::__construct()
2014-03-07 11:57:50 [DEBUG]:   MB_Option::_set()
2014-03-07 11:57:50 [DEBUG]:   MB_Option::_set()
2014-03-07 11:57:50 [DEBUG]:   MB_Option::_set()
2014-03-07 11:57:50 [DEBUG]:   MB_Option::getAll()
2014-03-07 11:57:50 [DEBUG]:   MB_Controller::run()
2014-03-07 11:57:50 [DEBUG]:   MB_Exception::shutdownHandler()
2014-03-07 11:57:50 [DEBUG]: END 0.00638389587s

2014-03-07 11:58:06 [DEBUG]: START
2014-03-07 11:58:06 [DEBUG]:  /home/cisco211/PCT211/myBackup/myBackup.ph
2014-03-07 11:58:06 [DEBUG]:  /home/cisco211/PCT211/myBackup/myBackup.ph
2014-03-07 11:58:06 [DEBUG]:  /home/cisco211/PCT211/myBackup/myBackup.ph
2014-03-07 11:58:06 [DEBUG]:  /home/cisco211/PCT211/myBackup/myBackup.ph
2014-03-07 11:58:06 [DEBUG]:  /home/cisco211/PCT211/myBackup/myBackup.ph
2014-03-07 11:58:06 [DEBUG]:   MB_Controller::__construct()
2014-03-07 11:58:06 [DEBUG]:   MB_Controller::route()
2014-03-07 11:58:06 [DEBUG]:   MB_Option::getInstance()
2014-03-07 11:58:06 [DEBUG]:   MB_Option::__construct()
2014-03-07 11:58:06 [DEBUG]:   MB_Option::_set()
2014-03-07 11:58:06 [DEBUG]:   MB_Option::_set()
2014-03-07 11:58:06 [DEBUG]:   MB_Option::_set()
2014-03-07 11:58:06 [DEBUG]:   MB_Option::getAll()
2014-03-07 11:58:06 [DEBUG]:   MB_Controller::run()
2014-03-07 11:58:06 [DEBUG]:   MB_Exception::shutdownHandler()
2014-03-07 11:58:06 [DEBUG]: END 0.01038694382s

2014-03-07 12:00:23 [DEBUG]: START
2014-03-07 12:00:23 [DEBUG]:  /home/cisco211/PCT211/myBackup/myBackup.ph
2014-03-07 12:00:23 [DEBUG]:  /home/cisco211/PCT211/myBackup/myBackup.ph
2014-03-07 12:00:23 [DEBUG]:  /home/cisco211/PCT211/myBackup/myBackup.ph
2014-03-07 12:00:23 [DEBUG]:  /home/cisco211/PCT211/myBackup/myBackup.ph
2014-03-07 12:00:23 [DEBUG]:  /home/cisco211/PCT211/myBackup/myBackup.ph
2014-03-07 12:00:23 [DEBUG]:   MB_Controller::__construct()
2014-03-07 12:00:23 [DEBUG]:   MB_Controller::route()
2014-03-07 12:00:23 [DEBUG]:   MB_Option::getInstance()
2014-03-07 12:00:23 [DEBUG]:   MB_Option::__construct()
2014-03-07 12:00:23 [DEBUG]:   MB_Option::_set()
2014-03-07 12:00:23 [DEBUG]:   MB_Option::_set()
2014-03-07 12:00:23 [DEBUG]:   MB_Option::_set()
2014-03-07 12:00:23 [DEBUG]:   MB_Option::getAll()
2014-03-07 12:00:23 [DEBUG]:   MB_Controller::run()
2014-03-07 12:00:23 [DEBUG]:   MB_Exception::shutdownHandler()
2014-03-07 12:00:23 [DEBUG]: END 0.00574302673s

2014-03-07 12:01:47 [DEBUG]: START
2014-03-07 12:01:47 [DEBUG]:  /home/cisco211/PCT211/myBackup/myBackup.ph
2014-03-07 12:01:47 [DEBUG]:  /home/cisco211/PCT211/myBackup/myBackup.ph
2014-03-07 12:01:47 [DEBUG]:  /home/cisco211/PCT211/myBackup/myBackup.ph
2014-03-07 12:01:47 [DEBUG]:  /home/cisco211/PCT211/myBackup/myBackup.ph
2014-03-07 12:01:47 [DEBUG]:  /home/cisco211/PCT211/myBackup/myBackup.ph
2014-03-07 12:01:47 [DEBUG]:   MB_Controller::__construct()
2014-03-07 12:01:47 [DEBUG]:   MB_Controller::route()
2014-03-07 12:01:47 [DEBUG]:   MB_Option::getInstance()
2014-03-07 12:01:47 [DEBUG]:   MB_Option::__construct()
2014-03-07 12:01:47 [DEBUG]:   MB_Option::_set()
2014-03-07 12:01:47 [DEBUG]:   MB_Option::_set()
2014-03-07 12:01:47 [DEBUG]:   MB_Option::_set()
2014-03-07 12:01:47 [DEBUG]:   MB_Option::getAll()
2014-03-07 12:01:47 [DEBUG]:   MB_Controller::run()
2014-03-07 12:01:47 [DEBUG]:   MB_Exception::shutdownHandler()
2014-03-07 12:01:47 [DEBUG]: END 0.00582003593s

2014-03-07 12:02:14 [DEBUG]: START
2014-03-07 12:02:14 [DEBUG]:  /home/cisco211/PCT211/myBackup/core/Bootstrap.php
2014-03-07 12:02:14 [DEBUG]:  /home/cisco211/PCT211/myBackup/core/Exception.class.php
2014-03-07 12:02:14 [DEBUG]:  /home/cisco211/PCT211/myBackup/core/Option.class.php
2014-03-07 12:02:14 [DEBUG]:  /home/cisco211/PCT211/myBackup/core/Config.class.php
2014-03-07 12:02:14 [DEBUG]:  /home/cisco211/PCT211/myBackup/core/Controller.class.php
2014-03-07 12:02:14 [DEBUG]:   MB_Controller::__construct()
2014-03-07 12:02:14 [DEBUG]:   MB_Controller::route()
2014-03-07 12:02:14 [DEBUG]:   MB_Option::getInstance()
2014-03-07 12:02:14 [DEBUG]:   MB_Option::__construct()
2014-03-07 12:02:14 [DEBUG]:   MB_Option::_set()
2014-03-07 12:02:14 [DEBUG]:   MB_Option::_set()
2014-03-07 12:02:14 [DEBUG]:   MB_Option::_set()
2014-03-07 12:02:14 [DEBUG]:   MB_Option::getAll()
2014-03-07 12:02:14 [DEBUG]:   MB_Controller::run()
2014-03-07 12:02:14 [DEBUG]:   MB_Exception::shutdownHandler()
2014-03-07 12:02:14 [DEBUG]: END 0.01198887825s

2014-03-07 12:04:35 [DEBUG]: START
2014-03-07 12:04:35 [DEBUG]:  /home/cisco211/PCT211/myBackup/core/Bootstrap.php
2014-03-07 12:04:35 [DEBUG]:  /home/cisco211/PCT211/myBackup/core/Exception.class.php
2014-03-07 12:04:35 [DEBUG]:  /home/cisco211/PCT211/myBackup/core/Option.class.php
2014-03-07 12:04:35 [DEBUG]:  /home/cisco211/PCT211/myBackup/core/Config.class.php
2014-03-07 12:04:35 [DEBUG]:  /home/cisco211/PCT211/myBackup/core/Controller.class.php
2014-03-07 12:04:35 [DEBUG]:   MB_Controller::__construct()
2014-03-07 12:04:35 [DEBUG]:   MB_Controller::route()
2014-03-07 12:04:35 [DEBUG]:   MB_Option::getInstance()
2014-03-07 12:04:35 [DEBUG]:   MB_Option::__construct()
2014-03-07 12:04:35 [DEBUG]:   MB_Option::_set()
2014-03-07 12:04:35 [DEBUG]:   MB_Option::_set()
2014-03-07 12:04:35 [DEBUG]:   MB_Option::_set()
2014-03-07 12:04:35 [DEBUG]:   MB_Option::getAll()
2014-03-07 12:04:35 [DEBUG]:   MB_Controller::run()
2014-03-07 12:04:35 [DEBUG]:   MB_Exception::shutdownHandler()
2014-03-07 12:04:35 [DEBUG]: END 0.01223707199s

2014-03-07 12:04:57 [DEBUG]: START
2014-03-07 12:04:57 [DEBUG]:  /home/cisco211/PCT211/myBackup/core/Bootstrap.php
2014-03-07 12:04:57 [DEBUG]:  /home/cisco211/PCT211/myBackup/core/Exception.class.php
2014-03-07 12:04:57 [DEBUG]:  /home/cisco211/PCT211/myBackup/core/Option.class.php
2014-03-07 12:04:57 [DEBUG]:  /home/cisco211/PCT211/myBackup/core/Config.class.php
2014-03-07 12:04:57 [DEBUG]:   MB_Config::getInstance()
2014-03-07 12:04:57 [DEBUG]:   MB_Config::__construct()
2014-03-07 12:04:57 [DEBUG]:   MB_Option::getInstance()
2014-03-07 12:04:57 [DEBUG]:   MB_Option::__construct()
2014-03-07 12:04:57 [DEBUG]:   MB_Option::_set()
2014-03-07 12:04:57 [DEBUG]:   MB_Option::_set()
2014-03-07 12:04:57 [DEBUG]:   MB_Option::_set()
2014-03-07 12:04:57 [DEBUG]:   MB_Option::get()
2014-03-07 12:04:57 [DEBUG]:   MB_Option::exists()
2014-03-07 12:04:57 [DEBUG]:  /home/cisco211/PCT211/myBackup/core/Controller.class.php
2014-03-07 12:04:57 [DEBUG]:   MB_Controller::__construct()
2014-03-07 12:04:57 [DEBUG]:   MB_Controller::route()
2014-03-07 12:04:57 [DEBUG]:   MB_Option::getInstance()
2014-03-07 12:04:57 [DEBUG]:   MB_Option::getAll()
2014-03-07 12:04:57 [DEBUG]:   MB_Controller::run()
2014-03-07 12:04:57 [DEBUG]:   MB_Exception::shutdownHandler()
2014-03-07 12:04:57 [DEBUG]: END 0.00973200798s

2014-03-07 12:07:15 [DEBUG]: START
2014-03-07 12:07:15 [DEBUG]:  /home/cisco211/PCT211/myBackup/core/Bootstrap.php
2014-03-07 12:07:15 [DEBUG]:  /home/cisco211/PCT211/myBackup/core/Exception.class.php
2014-03-07 12:07:15 [DEBUG]:  /home/cisco211/PCT211/myBackup/core/Option.class.php
2014-03-07 12:07:15 [DEBUG]:  /home/cisco211/PCT211/myBackup/core/Config.class.php
2014-03-07 12:07:15 [DEBUG]:  /home/cisco211/PCT211/myBackup/core/Controller.class.php
2014-03-07 12:07:15 [DEBUG]:   MB_Config::getInstance()
2014-03-07 12:07:15 [DEBUG]:   MB_Config::__construct()
2014-03-07 12:07:15 [DEBUG]:   MB_Option::getInstance()
2014-03-07 12:07:15 [DEBUG]:   MB_Option::__construct()
2014-03-07 12:07:15 [DEBUG]:   MB_Option::_set()
2014-03-07 12:07:15 [DEBUG]:   MB_Option::_set()
2014-03-07 12:07:15 [DEBUG]:   MB_Option::_set()
2014-03-07 12:07:15 [DEBUG]:   MB_Option::get()
2014-03-07 12:07:15 [DEBUG]:   MB_Option::exists()
2014-03-07 12:07:15 [DEBUG]:   MB_Exception::showError()
2014-03-07 12:07:15 [DEBUG]:   MB_Exception::shutdownHandler()
2014-03-07 12:07:15 [DEBUG]: END 0.0055949688s

2014-03-07 12:07:15 [ERROR]: MB_Exception Config file does not exist! in /home/cisco211/PCT211/myBackup/core/Config.class.php:26
#0 /home/cisco211/PCT211/myBackup/core/Config.class.php(34): MB_Config->__construct()
#1 /home/cisco211/PCT211/myBackup/core/Config.class.php(9): MB_Config::getInstance()
#2 /home/cisco211/PCT211/myBackup/core/Bootstrap.php(50): MB_Config()
#3 /home/cisco211/PCT211/myBackup/index.php(14): require_once('/home/cisco211/...')
#4 {main}

2014-03-07 12:07:23 [DEBUG]: START
2014-03-07 12:07:23 [DEBUG]:  /home/cisco211/PCT211/myBackup/core/Bootstrap.php
2014-03-07 12:07:23 [DEBUG]:  /home/cisco211/PCT211/myBackup/core/Exception.class.php
2014-03-07 12:07:23 [DEBUG]:  /home/cisco211/PCT211/myBackup/core/Option.class.php
2014-03-07 12:07:23 [DEBUG]:  /home/cisco211/PCT211/myBackup/core/Config.class.php
2014-03-07 12:07:23 [DEBUG]:  /home/cisco211/PCT211/myBackup/core/Controller.class.php
2014-03-07 12:07:23 [DEBUG]:   MB_Controller::__construct()
2014-03-07 12:07:23 [DEBUG]:   MB_Controller::route()
2014-03-07 12:07:23 [DEBUG]:   MB_Option::getInstance()
2014-03-07 12:07:23 [DEBUG]:   MB_Option::__construct()
2014-03-07 12:07:23 [DEBUG]:   MB_Option::_set()
2014-03-07 12:07:23 [DEBUG]:   MB_Option::_set()
2014-03-07 12:07:23 [DEBUG]:   MB_Option::_set()
2014-03-07 12:07:23 [DEBUG]:   MB_Option::getAll()
2014-03-07 12:07:23 [DEBUG]:   MB_Controller::run()
2014-03-07 12:07:23 [DEBUG]:   MB_Exception::shutdownHandler()
2014-03-07 12:07:23 [DEBUG]: END 0.0060839653s

2014-03-07 12:07:28 [DEBUG]: START
2014-03-07 12:07:28 [DEBUG]:  /home/cisco211/PCT211/myBackup/core/Bootstrap.php
2014-03-07 12:07:28 [DEBUG]:  /home/cisco211/PCT211/myBackup/core/Exception.class.php
2014-03-07 12:07:28 [DEBUG]:  /home/cisco211/PCT211/myBackup/core/Option.class.php
2014-03-07 12:07:28 [DEBUG]:  /home/cisco211/PCT211/myBackup/core/Config.class.php
2014-03-07 12:07:28 [DEBUG]:  /home/cisco211/PCT211/myBackup/core/Controller.class.php
2014-03-07 12:07:28 [DEBUG]:   MB_Config::getInstance()
2014-03-07 12:07:28 [DEBUG]:   MB_Config::__construct()
2014-03-07 12:07:28 [DEBUG]:   MB_Option::getInstance()
2014-03-07 12:07:28 [DEBUG]:   MB_Option::__construct()
2014-03-07 12:07:28 [DEBUG]:   MB_Option::_set()
2014-03-07 12:07:28 [DEBUG]:   MB_Option::_set()
2014-03-07 12:07:28 [DEBUG]:   MB_Option::_set()
2014-03-07 12:07:28 [DEBUG]:   MB_Option::get()
2014-03-07 12:07:28 [DEBUG]:   MB_Option::exists()
2014-03-07 12:07:28 [DEBUG]:   MB_Exception::showError()
2014-03-07 12:07:28 [DEBUG]:   MB_Exception::shutdownHandler()
2014-03-07 12:07:28 [DEBUG]: END 0.0059762001s

2014-03-07 12:07:28 [ERROR]: MB_Exception Config file does not exist! in /home/cisco211/PCT211/myBackup/core/Config.class.php:26
#0 /home/cisco211/PCT211/myBackup/core/Config.class.php(34): MB_Config->__construct()
#1 /home/cisco211/PCT211/myBackup/core/Config.class.php(9): MB_Config::getInstance()
#2 /home/cisco211/PCT211/myBackup/core/Bootstrap.php(50): MB_Config()
#3 /home/cisco211/PCT211/myBackup/index.php(14): require_once('/home/cisco211/...')
#4 {main}

2014-03-07 12:07:37 [ERROR]: MB_Exception Config file does not exist! in /home/cisco211/PCT211/myBackup/core/Config.class.php:26
#0 /home/cisco211/PCT211/myBackup/core/Config.class.php(34): MB_Config->__construct()
#1 /home/cisco211/PCT211/myBackup/core/Config.class.php(9): MB_Config::getInstance()
#2 /home/cisco211/PCT211/myBackup/core/Bootstrap.php(50): MB_Config()
#3 /home/cisco211/PCT211/myBackup/index.php(14): require_once('/home/cisco211/...')
#4 {main}

2014-03-07 12:07:55 [DEBUG]: START
2014-03-07 12:07:55 [DEBUG]:  /home/cisco211/PCT211/myBackup/core/Bootstrap.php
2014-03-07 12:07:55 [DEBUG]:  /home/cisco211/PCT211/myBackup/core/Exception.class.php
2014-03-07 12:07:55 [DEBUG]:  /home/cisco211/PCT211/myBackup/core/Option.class.php
2014-03-07 12:07:55 [DEBUG]:  /home/cisco211/PCT211/myBackup/core/Config.class.php
2014-03-07 12:07:55 [DEBUG]:  /home/cisco211/PCT211/myBackup/core/Controller.class.php
2014-03-07 12:07:55 [DEBUG]:   MB_Config::getInstance()
2014-03-07 12:07:55 [DEBUG]:   MB_Config::__construct()
2014-03-07 12:07:55 [DEBUG]:   MB_Option::getInstance()
2014-03-07 12:07:55 [DEBUG]:   MB_Option::__construct()
2014-03-07 12:07:55 [DEBUG]:   MB_Option::_set()
2014-03-07 12:07:55 [DEBUG]:   MB_Option::_set()
2014-03-07 12:07:55 [DEBUG]:   MB_Option::_set()
2014-03-07 12:07:55 [DEBUG]:   MB_Option::get()
2014-03-07 12:07:55 [DEBUG]:   MB_Option::exists()
2014-03-07 12:07:55 [DEBUG]:   MB_Exception::showError()
2014-03-07 12:07:55 [DEBUG]:   MB_Exception::shutdownHandler()
2014-03-07 12:07:55 [DEBUG]: END 0.01256895065s

2014-03-07 12:07:55 [ERROR]: MB_Exception Config file does not exist! in /home/cisco211/PCT211/myBackup/core/Config.class.php:26
#0 /home/cisco211/PCT211/myBackup/core/Config.class.php(34): MB_Config->__construct()
#1 /home/cisco211/PCT211/myBackup/core/Config.class.php(9): MB_Config::getInstance()
#2 /home/cisco211/PCT211/myBackup/core/Bootstrap.php(50): MB_Config()
#3 /home/cisco211/PCT211/myBackup/index.php(14): require_once('/home/cisco211/...')
#4 {main}

2014-03-07 12:08:23 [DEBUG]: START
2014-03-07 12:08:23 [DEBUG]:  /home/cisco211/PCT211/myBackup/core/Bootstrap.php
2014-03-07 12:08:23 [DEBUG]:  /home/cisco211/PCT211/myBackup/core/Exception.class.php
2014-03-07 12:08:23 [DEBUG]:  /home/cisco211/PCT211/myBackup/core/Option.class.php
2014-03-07 12:08:23 [DEBUG]:  /home/cisco211/PCT211/myBackup/core/Config.class.php
2014-03-07 12:08:23 [DEBUG]:  /home/cisco211/PCT211/myBackup/core/Controller.class.php
2014-03-07 12:08:23 [DEBUG]:   MB_Config::getInstance()
2014-03-07 12:08:23 [DEBUG]:   MB_Config::__construct()
2014-03-07 12:08:23 [DEBUG]:   MB_Option::getInstance()
2014-03-07 12:08:23 [DEBUG]:   MB_Option::__construct()
2014-03-07 12:08:23 [DEBUG]:   MB_Option::_set()
2014-03-07 12:08:23 [DEBUG]:   MB_Option::_set()
2014-03-07 12:08:23 [DEBUG]:   MB_Option::_set()
2014-03-07 12:08:23 [DEBUG]:   MB_Option::get()
2014-03-07 12:08:23 [DEBUG]:   MB_Option::exists()
2014-03-07 12:08:23 [DEBUG]:   MB_Exception::showError()
2014-03-07 12:08:23 [DEBUG]:   MB_Exception::shutdownHandler()
2014-03-07 12:08:23 [DEBUG]: END 0.01313495636s

2014-03-07 12:08:23 [ERROR]: MB_Exception Config file does not exist! in /home/cisco211/PCT211/myBackup/core/Config.class.php:26
#0 /home/cisco211/PCT211/myBackup/core/Config.class.php(34): MB_Config->__construct()
#1 /home/cisco211/PCT211/myBackup/core/Config.class.php(9): MB_Config::getInstance()
#2 /home/cisco211/PCT211/myBackup/core/Bootstrap.php(50): MB_Config()
#3 /home/cisco211/PCT211/myBackup/index.php(14): require_once('/home/cisco211/...')
#4 {main}

2014-03-07 12:08:25 [DEBUG]: START
2014-03-07 12:08:25 [DEBUG]:  /home/cisco211/PCT211/myBackup/core/Bootstrap.php
2014-03-07 12:08:25 [DEBUG]:  /home/cisco211/PCT211/myBackup/core/Exception.class.php
2014-03-07 12:08:25 [DEBUG]:  /home/cisco211/PCT211/myBackup/core/Option.class.php
2014-03-07 12:08:25 [DEBUG]:  /home/cisco211/PCT211/myBackup/core/Config.class.php
2014-03-07 12:08:25 [DEBUG]:  /home/cisco211/PCT211/myBackup/core/Controller.class.php
2014-03-07 12:08:25 [DEBUG]:   MB_Config::getInstance()
2014-03-07 12:08:25 [DEBUG]:   MB_Config::__construct()
2014-03-07 12:08:25 [DEBUG]:   MB_Option::getInstance()
2014-03-07 12:08:25 [DEBUG]:   MB_Option::__construct()
2014-03-07 12:08:25 [DEBUG]:   MB_Option::_set()
2014-03-07 12:08:25 [DEBUG]:   MB_Option::_set()
2014-03-07 12:08:25 [DEBUG]:   MB_Option::_set()
2014-03-07 12:08:25 [DEBUG]:   MB_Option::get()
2014-03-07 12:08:25 [DEBUG]:   MB_Option::exists()
2014-03-07 12:08:25 [DEBUG]:   MB_Exception::showError()
2014-03-07 12:08:25 [DEBUG]:   MB_Exception::shutdownHandler()
2014-03-07 12:08:25 [DEBUG]: END 0.00604915619s

2014-03-07 12:08:25 [ERROR]: MB_Exception Config file does not exist! in /home/cisco211/PCT211/myBackup/core/Config.class.php:26
#0 /home/cisco211/PCT211/myBackup/core/Config.class.php(34): MB_Config->__construct()
#1 /home/cisco211/PCT211/myBackup/core/Config.class.php(9): MB_Config::getInstance()
#2 /home/cisco211/PCT211/myBackup/core/Bootstrap.php(50): MB_Config()
#3 /home/cisco211/PCT211/myBackup/index.php(14): require_once('/home/cisco211/...')
#4 {main}

2014-03-07 12:08:39 [DEBUG]: START
2014-03-07 12:08:39 [DEBUG]:  /home/cisco211/PCT211/myBackup/core/Bootstrap.php
2014-03-07 12:08:39 [DEBUG]:  /home/cisco211/PCT211/myBackup/core/Exception.class.php
2014-03-07 12:08:39 [DEBUG]:  /home/cisco211/PCT211/myBackup/core/Option.class.php
2014-03-07 12:08:39 [DEBUG]:  /home/cisco211/PCT211/myBackup/core/Config.class.php
2014-03-07 12:08:39 [DEBUG]:  /home/cisco211/PCT211/myBackup/core/Controller.class.php
2014-03-07 12:08:39 [DEBUG]:   MB_Config::getInstance()
2014-03-07 12:08:39 [DEBUG]:   MB_Config::__construct()
2014-03-07 12:08:39 [DEBUG]:   MB_Option::getInstance()
2014-03-07 12:08:39 [DEBUG]:   MB_Option::__construct()
2014-03-07 12:08:39 [DEBUG]:   MB_Option::_set()
2014-03-07 12:08:39 [DEBUG]:   MB_Option::_set()
2014-03-07 12:08:39 [DEBUG]:   MB_Option::_set()
2014-03-07 12:08:39 [DEBUG]:   MB_Option::get()
2014-03-07 12:08:39 [DEBUG]:   MB_Option::exists()
2014-03-07 12:08:39 [DEBUG]:   MB_Exception::showError()
2014-03-07 12:08:39 [DEBUG]:   MB_Exception::shutdownHandler()
2014-03-07 12:08:39 [DEBUG]: END 0.0131289959s

2014-03-07 12:08:39 [ERROR]: MB_Exception Config file does not exist! in /home/cisco211/PCT211/myBackup/core/Config.class.php:26
#0 /home/cisco211/PCT211/myBackup/core/Config.class.php(34): MB_Config->__construct()
#1 /home/cisco211/PCT211/myBackup/core/Config.class.php(9): MB_Config::getInstance()
#2 /home/cisco211/PCT211/myBackup/core/Bootstrap.php(50): MB_Config()
#3 /home/cisco211/PCT211/myBackup/index.php(14): require_once('/home/cisco211/...')
#4 {main}

2014-03-07 12:09:15 [DEBUG]: START
2014-03-07 12:09:15 [DEBUG]:  /home/cisco211/PCT211/myBackup/core/Bootstrap.php
2014-03-07 12:09:15 [DEBUG]:  /home/cisco211/PCT211/myBackup/core/Exception.class.php
2014-03-07 12:09:15 [DEBUG]:  /home/cisco211/PCT211/myBackup/core/Option.class.php
2014-03-07 12:09:15 [DEBUG]:  /home/cisco211/PCT211/myBackup/core/Config.class.php
2014-03-07 12:09:15 [DEBUG]:  /home/cisco211/PCT211/myBackup/core/Controller.class.php
2014-03-07 12:09:15 [DEBUG]:   MB_Config::getInstance()
2014-03-07 12:09:15 [DEBUG]:   MB_Config::__construct()
2014-03-07 12:09:15 [DEBUG]:   MB_Option::getInstance()
2014-03-07 12:09:15 [DEBUG]:   MB_Option::__construct()
2014-03-07 12:09:15 [DEBUG]:   MB_Option::_set()
2014-03-07 12:09:15 [DEBUG]:   MB_Option::_set()
2014-03-07 12:09:15 [DEBUG]:   MB_Option::_set()
2014-03-07 12:09:15 [DEBUG]:   MB_Option::get()
2014-03-07 12:09:15 [DEBUG]:   MB_Option::exists()
2014-03-07 12:09:15 [DEBUG]:   MB_Exception::showError()
2014-03-07 12:09:15 [DEBUG]:   MB_Exception::shutdownHandler()
2014-03-07 12:09:15 [DEBUG]: END 0.01285386086s

2014-03-07 12:09:15 [ERROR]: MB_Exception Config file does not exist! in /home/cisco211/PCT211/myBackup/core/Config.class.php:26
#0 /home/cisco211/PCT211/myBackup/core/Config.class.php(34): MB_Config->__construct()
#1 /home/cisco211/PCT211/myBackup/core/Config.class.php(9): MB_Config::getInstance()
#2 /home/cisco211/PCT211/myBackup/core/Bootstrap.php(50): MB_Config()
#3 /home/cisco211/PCT211/myBackup/index.php(14): require_once('/home/cisco211/...')
#4 {main}

2014-03-07 12:09:59 [DEBUG]: START
2014-03-07 12:09:59 [DEBUG]:  /home/cisco211/PCT211/myBackup/core/Bootstrap.php
2014-03-07 12:09:59 [DEBUG]:  /home/cisco211/PCT211/myBackup/core/Exception.class.php
2014-03-07 12:09:59 [DEBUG]:  /home/cisco211/PCT211/myBackup/core/Option.class.php
2014-03-07 12:09:59 [DEBUG]:  /home/cisco211/PCT211/myBackup/core/Config.class.php
2014-03-07 12:09:59 [DEBUG]:  /home/cisco211/PCT211/myBackup/core/Controller.class.php
2014-03-07 12:09:59 [DEBUG]:   MB_Config::getInstance()
2014-03-07 12:09:59 [DEBUG]:   MB_Config::__construct()
2014-03-07 12:09:59 [DEBUG]:   MB_Option::getInstance()
2014-03-07 12:09:59 [DEBUG]:   MB_Option::__construct()
2014-03-07 12:09:59 [DEBUG]:   MB_Option::_set()
2014-03-07 12:09:59 [DEBUG]:   MB_Option::_set()
2014-03-07 12:09:59 [DEBUG]:   MB_Option::_set()
2014-03-07 12:09:59 [DEBUG]:   MB_Option::get()
2014-03-07 12:09:59 [DEBUG]:   MB_Option::exists()
2014-03-07 12:09:59 [DEBUG]:   MB_Exception::showError()
2014-03-07 12:09:59 [DEBUG]:   MB_Exception::shutdownHandler()
2014-03-07 12:09:59 [DEBUG]: END 0.00918102264s

2014-03-07 12:09:59 [ERROR]: MB_Exception "Config file does not exist!" in /home/cisco211/PCT211/myBackup/core/Config.class.php:26
#0 /home/cisco211/PCT211/myBackup/core/Config.class.php(34): MB_Config->__construct()
#1 /home/cisco211/PCT211/myBackup/core/Config.class.php(9): MB_Config::getInstance()
#2 /home/cisco211/PCT211/myBackup/core/Bootstrap.php(50): MB_Config()
#3 /home/cisco211/PCT211/myBackup/index.php(14): require_once('/home/cisco211/...')
#4 {main}

2014-03-07 12:10:39 [DEBUG]: START
2014-03-07 12:10:39 [DEBUG]:  /home/cisco211/PCT211/myBackup/core/Bootstrap.php
2014-03-07 12:10:39 [DEBUG]:  /home/cisco211/PCT211/myBackup/core/Exception.class.php
2014-03-07 12:10:39 [DEBUG]:  /home/cisco211/PCT211/myBackup/core/Option.class.php
2014-03-07 12:10:39 [DEBUG]:  /home/cisco211/PCT211/myBackup/core/Config.class.php
2014-03-07 12:10:39 [DEBUG]:  /home/cisco211/PCT211/myBackup/core/Controller.class.php
2014-03-07 12:10:39 [DEBUG]:   MB_Config::getInstance()
2014-03-07 12:10:39 [DEBUG]:   MB_Config::__construct()
2014-03-07 12:10:39 [DEBUG]:   MB_Option::getInstance()
2014-03-07 12:10:39 [DEBUG]:   MB_Option::__construct()
2014-03-07 12:10:39 [DEBUG]:   MB_Option::_set()
2014-03-07 12:10:39 [DEBUG]:   MB_Option::_set()
2014-03-07 12:10:39 [DEBUG]:   MB_Option::_set()
2014-03-07 12:10:39 [DEBUG]:   MB_Option::get()
2014-03-07 12:10:39 [DEBUG]:   MB_Option::exists()
2014-03-07 12:10:39 [DEBUG]:   MB_Exception::showError()
2014-03-07 12:10:39 [DEBUG]:   MB_Exception::shutdownHandler()
2014-03-07 12:10:39 [DEBUG]: END 0.01298308372s

2014-03-07 12:10:39 [ERROR]: MB_Exception "Config file does not exist!" in /home/cisco211/PCT211/myBackup/core/Config.class.php:26
#0 /home/cisco211/PCT211/myBackup/core/Config.class.php(34): MB_Config->__construct()
#1 /home/cisco211/PCT211/myBackup/core/Config.class.php(9): MB_Config::getInstance()
#2 /home/cisco211/PCT211/myBackup/core/Bootstrap.php(50): MB_Config()
#3 /home/cisco211/PCT211/myBackup/index.php(14): require_once('/home/cisco211/...')
#4 {main}

2014-03-07 12:10:52 [DEBUG]: START
2014-03-07 12:10:52 [DEBUG]:  /home/cisco211/PCT211/myBackup/core/Bootstrap.php
2014-03-07 12:10:52 [DEBUG]:  /home/cisco211/PCT211/myBackup/core/Exception.class.php
2014-03-07 12:10:52 [DEBUG]:  /home/cisco211/PCT211/myBackup/core/Option.class.php
2014-03-07 12:10:52 [DEBUG]:  /home/cisco211/PCT211/myBackup/core/Config.class.php
2014-03-07 12:10:52 [DEBUG]:  /home/cisco211/PCT211/myBackup/core/Controller.class.php
2014-03-07 12:10:52 [DEBUG]:   MB_Controller::__construct()
2014-03-07 12:10:52 [DEBUG]:   MB_Exception::showError()
2014-03-07 12:10:52 [DEBUG]:   MB_Exception::shutdownHandler()
2014-03-07 12:10:52 [DEBUG]: END 0.00547885895s

2014-03-07 12:10:52 [ERROR]: MB_Exception "Invalid PHP_SAPI!" in /home/cisco211/PCT211/myBackup/core/Controller.class.php:17
#0 /home/cisco211/PCT211/myBackup/core/Bootstrap.php(50): MB_Controller->__construct()
#1 /home/cisco211/PCT211/myBackup/index.php(14): require_once('/home/cisco211/...')
#2 {main}

2014-03-07 12:11:01 [DEBUG]: START
2014-03-07 12:11:01 [DEBUG]:  /home/cisco211/PCT211/myBackup/core/Bootstrap.php
2014-03-07 12:11:01 [DEBUG]:  /home/cisco211/PCT211/myBackup/core/Exception.class.php
2014-03-07 12:11:01 [DEBUG]:  /home/cisco211/PCT211/myBackup/core/Option.class.php
2014-03-07 12:11:01 [DEBUG]:  /home/cisco211/PCT211/myBackup/core/Config.class.php
2014-03-07 12:11:01 [DEBUG]:  /home/cisco211/PCT211/myBackup/core/Controller.class.php
2014-03-07 12:11:01 [DEBUG]:   MB_Controller::__construct()
2014-03-07 12:11:01 [DEBUG]:   MB_Controller::route()
2014-03-07 12:11:01 [DEBUG]:   MB_Option::getInstance()
2014-03-07 12:11:01 [DEBUG]:   MB_Option::__construct()
2014-03-07 12:11:01 [DEBUG]:   MB_Option::_set()
2014-03-07 12:11:01 [DEBUG]:   MB_Option::_set()
2014-03-07 12:11:01 [DEBUG]:   MB_Option::_set()
2014-03-07 12:11:01 [DEBUG]:   MB_Option::getAll()
2014-03-07 12:11:01 [DEBUG]:   MB_Controller::run()
2014-03-07 12:11:01 [DEBUG]:   MB_Exception::shutdownHandler()
2014-03-07 12:11:01 [DEBUG]: END 0.00668597221s

2014-03-07 12:12:10 [DEBUG]: START
2014-03-07 12:12:10 [DEBUG]:  /home/cisco211/PCT211/myBackup/core/Bootstrap.php
2014-03-07 12:12:10 [DEBUG]:  /home/cisco211/PCT211/myBackup/core/Exception.class.php
2014-03-07 12:12:10 [DEBUG]:  /home/cisco211/PCT211/myBackup/core/Option.class.php
2014-03-07 12:12:10 [DEBUG]:  /home/cisco211/PCT211/myBackup/core/Config.class.php
2014-03-07 12:12:10 [DEBUG]:   MB_Exception::shutdownHandler()
2014-03-07 12:12:10 [DEBUG]: END 0.01060318947s

2014-03-07 12:12:18 [DEBUG]: START
2014-03-07 12:12:18 [DEBUG]:  /home/cisco211/PCT211/myBackup/core/Bootstrap.php
2014-03-07 12:12:18 [DEBUG]:  /home/cisco211/PCT211/myBackup/core/Exception.class.php
2014-03-07 12:12:18 [DEBUG]:  /home/cisco211/PCT211/myBackup/core/Option.class.php
2014-03-07 12:12:18 [DEBUG]:  /home/cisco211/PCT211/myBackup/core/Config.class.php
2014-03-07 12:12:18 [DEBUG]:  /home/cisco211/PCT211/myBackup/core/Controller.class.php
2014-03-07 12:12:18 [DEBUG]:   MB_Controller::__construct()
2014-03-07 12:12:18 [DEBUG]:   MB_Controller::route()
2014-03-07 12:12:18 [DEBUG]:   MB_Option::getInstance()
2014-03-07 12:12:18 [DEBUG]:   MB_Option::__construct()
2014-03-07 12:12:18 [DEBUG]:   MB_Option::_set()
2014-03-07 12:12:18 [DEBUG]:   MB_Option::_set()
2014-03-07 12:12:18 [DEBUG]:   MB_Option::_set()
2014-03-07 12:12:18 [DEBUG]:   MB_Option::__get()
2014-03-07 12:12:18 [DEBUG]:   MB_Option::exists()
2014-03-07 12:12:18 [DEBUG]:   MB_Option::getInstance()
2014-03-07 12:12:18 [DEBUG]:   MB_Option::getAll()
2014-03-07 12:12:18 [DEBUG]:   MB_Controller::run()
2014-03-07 12:12:18 [DEBUG]:   MB_Exception::shutdownHandler()
2014-03-07 12:12:18 [DEBUG]: END 0.00782990456s

2014-03-07 12:12:21 [DEBUG]: START
2014-03-07 12:12:21 [DEBUG]:  /home/cisco211/PCT211/myBackup/core/Bootstrap.php
2014-03-07 12:12:21 [DEBUG]:  /home/cisco211/PCT211/myBackup/core/Exception.class.php
2014-03-07 12:12:21 [DEBUG]:  /home/cisco211/PCT211/myBackup/core/Option.class.php
2014-03-07 12:12:21 [DEBUG]:  /home/cisco211/PCT211/myBackup/core/Config.class.php
2014-03-07 12:12:21 [DEBUG]:  /home/cisco211/PCT211/myBackup/core/Controller.class.php
2014-03-07 12:12:21 [DEBUG]:   MB_Controller::__construct()
2014-03-07 12:12:21 [DEBUG]:   MB_Controller::route()
2014-03-07 12:12:21 [DEBUG]:   MB_Option::getInstance()
2014-03-07 12:12:21 [DEBUG]:   MB_Option::__construct()
2014-03-07 12:12:21 [DEBUG]:   MB_Option::_set()
2014-03-07 12:12:21 [DEBUG]:   MB_Option::_set()
2014-03-07 12:12:21 [DEBUG]:   MB_Option::_set()
2014-03-07 12:12:21 [DEBUG]:   MB_Option::__get()
2014-03-07 12:12:21 [DEBUG]:   MB_Option::exists()
2014-03-07 12:12:21 [DEBUG]:   MB_Controller::run()
2014-03-07 12:12:21 [DEBUG]:   MB_Exception::shutdownHandler()
2014-03-07 12:12:21 [DEBUG]: END 0.01168704033s

2014-03-07 12:12:28 [DEBUG]: START
2014-03-07 12:12:28 [DEBUG]:  /home/cisco211/PCT211/myBackup/core/Bootstrap.php
2014-03-07 12:12:28 [DEBUG]:  /home/cisco211/PCT211/myBackup/core/Exception.class.php
2014-03-07 12:12:28 [DEBUG]:  /home/cisco211/PCT211/myBackup/core/Option.class.php
2014-03-07 12:12:28 [DEBUG]:  /home/cisco211/PCT211/myBackup/core/Config.class.php
2014-03-07 12:12:28 [DEBUG]:  /home/cisco211/PCT211/myBackup/core/Controller.class.php
2014-03-07 12:12:28 [DEBUG]:   MB_Controller::__construct()
2014-03-07 12:12:28 [DEBUG]:   MB_Controller::route()
2014-03-07 12:12:28 [DEBUG]:   MB_Option::getInstance()
2014-03-07 12:12:28 [DEBUG]:   MB_Option::__construct()
2014-03-07 12:12:28 [DEBUG]:   MB_Option::_set()
2014-03-07 12:12:28 [DEBUG]:   MB_Option::_set()
2014-03-07 12:12:28 [DEBUG]:   MB_Option::_set()
2014-03-07 12:12:28 [DEBUG]:   MB_Option::__get()
2014-03-07 12:12:28 [DEBUG]:   MB_Option::exists()
2014-03-07 12:12:28 [DEBUG]:   MB_Controller::run()
2014-03-07 12:12:28 [DEBUG]:   MB_Exception::shutdownHandler()
2014-03-07 12:12:28 [DEBUG]: END 0.01173686981s

2014-03-07 12:13:25 [DEBUG]: START
2014-03-07 12:13:25 [DEBUG]:  /home/cisco211/PCT211/myBackup/core/Bootstrap.php
2014-03-07 12:13:25 [DEBUG]:  /home/cisco211/PCT211/myBackup/core/Exception.class.php
2014-03-07 12:13:25 [DEBUG]:  /home/cisco211/PCT211/myBackup/core/Option.class.php
2014-03-07 12:13:25 [DEBUG]:  /home/cisco211/PCT211/myBackup/core/Config.class.php
2014-03-07 12:13:25 [DEBUG]:  /home/cisco211/PCT211/myBackup/core/Controller.class.php
2014-03-07 12:13:25 [DEBUG]:   MB_Controller::__construct()
2014-03-07 12:13:25 [DEBUG]:   MB_Controller::route()
2014-03-07 12:13:25 [DEBUG]:   MB_Option::getInstance()
2014-03-07 12:13:25 [DEBUG]:   MB_Option::__construct()
2014-03-07 12:13:25 [DEBUG]:   MB_Option::_set()
2014-03-07 12:13:25 [DEBUG]:   MB_Option::_set()
2014-03-07 12:13:25 [DEBUG]:   MB_Option::_set()
2014-03-07 12:13:25 [DEBUG]:   MB_Option::__get()
2014-03-07 12:13:25 [DEBUG]:   MB_Option::exists()
2014-03-07 12:13:25 [DEBUG]:   MB_Controller::run()
2014-03-07 12:13:25 [DEBUG]:   MB_Exception::shutdownHandler()
2014-03-07 12:13:25 [DEBUG]: END 0.0055398941s

2014-03-07 12:15:25 [DEBUG]: START
2014-03-07 12:15:25 [DEBUG]:  /home/cisco211/PCT211/myBackup/core/Bootstrap.php
2014-03-07 12:15:25 [DEBUG]:  /home/cisco211/PCT211/myBackup/core/Exception.class.php
2014-03-07 12:15:25 [DEBUG]:  /home/cisco211/PCT211/myBackup/core/Option.class.php
2014-03-07 12:15:25 [DEBUG]:  /home/cisco211/PCT211/myBackup/core/Config.class.php
2014-03-07 12:15:25 [DEBUG]:  /home/cisco211/PCT211/myBackup/core/Controller.class.php
2014-03-07 12:15:25 [DEBUG]:   MB_Controller::__construct()
2014-03-07 12:15:25 [DEBUG]:   MB_Controller::route()
2014-03-07 12:15:25 [DEBUG]:   MB_Option::getInstance()
2014-03-07 12:15:25 [DEBUG]:   MB_Option::__construct()
2014-03-07 12:15:25 [DEBUG]:   MB_Option::_set()
2014-03-07 12:15:25 [DEBUG]:   MB_Option::_set()
2014-03-07 12:15:25 [DEBUG]:   MB_Option::_set()
2014-03-07 12:15:25 [DEBUG]:   MB_Option::__get()
2014-03-07 12:15:25 [DEBUG]:   MB_Option::exists()
2014-03-07 12:15:25 [DEBUG]:   MB_Controller::run()
2014-03-07 12:15:25 [DEBUG]:   MB_Controller::runAction()
2014-03-07 12:15:25 [DEBUG]:   MB_Controller::runNotFound()
2014-03-07 12:15:25 [DEBUG]:   MB_Exception::showError()
2014-03-07 12:15:25 [DEBUG]:   MB_Exception::shutdownHandler()
2014-03-07 12:15:25 [DEBUG]: END 0.0097258091s

2014-03-07 12:15:25 [ERROR]: MB_Exception "Action 'index' not found!" in /home/cisco211/PCT211/myBackup/core/Controller.class.php:66
#0 /home/cisco211/PCT211/myBackup/core/Controller.class.php(45): MB_Controller->runNotFound()
#1 /home/cisco211/PCT211/myBackup/core/Bootstrap.php(52): MB_Controller->run()
#2 /home/cisco211/PCT211/myBackup/index.php(14): require_once('/home/cisco211/...')
#3 {main}

2014-03-07 12:15:45 [DEBUG]: START
2014-03-07 12:15:45 [DEBUG]:  /home/cisco211/PCT211/myBackup/core/Bootstrap.php
2014-03-07 12:15:45 [DEBUG]:  /home/cisco211/PCT211/myBackup/core/Exception.class.php
2014-03-07 12:15:45 [DEBUG]:  /home/cisco211/PCT211/myBackup/core/Option.class.php
2014-03-07 12:15:45 [DEBUG]:  /home/cisco211/PCT211/myBackup/core/Config.class.php
2014-03-07 12:15:45 [DEBUG]:  /home/cisco211/PCT211/myBackup/core/Controller.class.php
2014-03-07 12:15:45 [DEBUG]:   MB_Controller::__construct()
2014-03-07 12:15:45 [DEBUG]:   MB_Controller::route()
2014-03-07 12:15:45 [DEBUG]:   MB_Option::getInstance()
2014-03-07 12:15:45 [DEBUG]:   MB_Option::__construct()
2014-03-07 12:15:45 [DEBUG]:   MB_Option::_set()
2014-03-07 12:15:45 [DEBUG]:   MB_Option::_set()
2014-03-07 12:15:45 [DEBUG]:   MB_Option::_set()
2014-03-07 12:15:45 [DEBUG]:   MB_Option::__get()
2014-03-07 12:15:45 [DEBUG]:   MB_Option::exists()
2014-03-07 12:15:45 [DEBUG]:   MB_Controller::run()
2014-03-07 12:15:45 [DEBUG]:   MB_Controller::runAction()
2014-03-07 12:15:45 [DEBUG]:   MB_Controller::runNotFound()
2014-03-07 12:15:45 [DEBUG]:   MB_Exception::showError()
2014-03-07 12:15:45 [DEBUG]:   MB_Exception::shutdownHandler()
2014-03-07 12:15:45 [DEBUG]: END 0.00924301147s

2014-03-07 12:15:45 [ERROR]: MB_Exception "Action 'Index' not found!" in /home/cisco211/PCT211/myBackup/core/Controller.class.php:66
#0 /home/cisco211/PCT211/myBackup/core/Controller.class.php(45): MB_Controller->runNotFound()
#1 /home/cisco211/PCT211/myBackup/core/Bootstrap.php(52): MB_Controller->run()
#2 /home/cisco211/PCT211/myBackup/index.php(14): require_once('/home/cisco211/...')
#3 {main}

2014-03-07 12:16:03 [DEBUG]: START
2014-03-07 12:16:03 [DEBUG]:  /home/cisco211/PCT211/myBackup/core/Bootstrap.php
2014-03-07 12:16:03 [DEBUG]:  /home/cisco211/PCT211/myBackup/core/Exception.class.php
2014-03-07 12:16:03 [DEBUG]:  /home/cisco211/PCT211/myBackup/core/Option.class.php
2014-03-07 12:16:03 [DEBUG]:  /home/cisco211/PCT211/myBackup/core/Config.class.php
2014-03-07 12:16:03 [DEBUG]:  /home/cisco211/PCT211/myBackup/core/Controller.class.php
2014-03-07 12:16:03 [DEBUG]:   MB_Controller::__construct()
2014-03-07 12:16:03 [DEBUG]:   MB_Controller::route()
2014-03-07 12:16:03 [DEBUG]:   MB_Option::getInstance()
2014-03-07 12:16:03 [DEBUG]:   MB_Option::__construct()
2014-03-07 12:16:03 [DEBUG]:   MB_Option::_set()
2014-03-07 12:16:03 [DEBUG]:   MB_Option::_set()
2014-03-07 12:16:03 [DEBUG]:   MB_Option::_set()
2014-03-07 12:16:03 [DEBUG]:   MB_Option::__get()
2014-03-07 12:16:03 [DEBUG]:   MB_Option::exists()
2014-03-07 12:16:03 [DEBUG]:   MB_Controller::run()
2014-03-07 12:16:03 [DEBUG]:   MB_Controller::runAction()
2014-03-07 12:16:03 [DEBUG]:   MB_Controller::runNotFound()
2014-03-07 12:16:03 [DEBUG]:   MB_Exception::showError()
2014-03-07 12:16:03 [DEBUG]:   MB_Exception::shutdownHandler()
2014-03-07 12:16:03 [DEBUG]: END 0.0134871006s

2014-03-07 12:16:03 [ERROR]: MB_Exception "Action 'Index' not found!" in /home/cisco211/PCT211/myBackup/core/Controller.class.php:66
#0 /home/cisco211/PCT211/myBackup/core/Controller.class.php(45): MB_Controller->runNotFound()
#1 /home/cisco211/PCT211/myBackup/core/Bootstrap.php(52): MB_Controller->run()
#2 /home/cisco211/PCT211/myBackup/index.php(14): require_once('/home/cisco211/...')
#3 {main}

2014-03-07 12:16:40 [DEBUG]: START
2014-03-07 12:16:40 [DEBUG]:  /home/cisco211/PCT211/myBackup/core/Bootstrap.php
2014-03-07 12:16:40 [DEBUG]:  /home/cisco211/PCT211/myBackup/core/Exception.class.php
2014-03-07 12:16:40 [DEBUG]:  /home/cisco211/PCT211/myBackup/core/Option.class.php
2014-03-07 12:16:40 [DEBUG]:  /home/cisco211/PCT211/myBackup/core/Config.class.php
2014-03-07 12:16:40 [DEBUG]:  /home/cisco211/PCT211/myBackup/core/Controller.class.php
2014-03-07 12:16:40 [DEBUG]:   MB_Controller::__construct()
2014-03-07 12:16:40 [DEBUG]:   MB_Controller::route()
2014-03-07 12:16:40 [DEBUG]:   MB_Option::getInstance()
2014-03-07 12:16:40 [DEBUG]:   MB_Option::__construct()
2014-03-07 12:16:40 [DEBUG]:   MB_Option::_set()
2014-03-07 12:16:40 [DEBUG]:   MB_Option::_set()
2014-03-07 12:16:40 [DEBUG]:   MB_Option::_set()
2014-03-07 12:16:40 [DEBUG]:   MB_Option::getAll()
2014-03-07 12:16:40 [DEBUG]:   MB_Option::getInstance()
2014-03-07 12:16:40 [DEBUG]:   MB_Option::__get()
2014-03-07 12:16:40 [DEBUG]:   MB_Option::exists()
2014-03-07 12:16:40 [DEBUG]:   MB_Controller::run()
2014-03-07 12:16:40 [DEBUG]:   MB_Controller::runAction()
2014-03-07 12:16:40 [DEBUG]:   MB_Controller::runNotFound()
2014-03-07 12:16:40 [DEBUG]:   MB_Exception::showError()
2014-03-07 12:16:40 [DEBUG]:   MB_Exception::shutdownHandler()
2014-03-07 12:16:40 [DEBUG]: END 0.00602698326s

2014-03-07 12:16:40 [ERROR]: MB_Exception "Action 'Index' not found!" in /home/cisco211/PCT211/myBackup/core/Controller.class.php:69
#0 /home/cisco211/PCT211/myBackup/core/Controller.class.php(48): MB_Controller->runNotFound()
#1 /home/cisco211/PCT211/myBackup/core/Bootstrap.php(52): MB_Controller->run()
#2 /home/cisco211/PCT211/myBackup/index.php(14): require_once('/home/cisco211/...')
#3 {main}

2014-03-07 12:17:03 [DEBUG]: START
2014-03-07 12:17:03 [DEBUG]:  /home/cisco211/PCT211/myBackup/core/Bootstrap.php
2014-03-07 12:17:03 [DEBUG]:  /home/cisco211/PCT211/myBackup/core/Exception.class.php
2014-03-07 12:17:03 [DEBUG]:  /home/cisco211/PCT211/myBackup/core/Option.class.php
2014-03-07 12:17:03 [DEBUG]:  /home/cisco211/PCT211/myBackup/core/Config.class.php
2014-03-07 12:17:03 [DEBUG]:  /home/cisco211/PCT211/myBackup/core/Controller.class.php
2014-03-07 12:17:03 [DEBUG]:   MB_Controller::__construct()
2014-03-07 12:17:03 [DEBUG]:   MB_Controller::route()
2014-03-07 12:17:03 [DEBUG]:   MB_Option::getInstance()
2014-03-07 12:17:03 [DEBUG]:   MB_Option::__construct()
2014-03-07 12:17:03 [DEBUG]:   MB_Option::_set()
2014-03-07 12:17:03 [DEBUG]:   MB_Option::_set()
2014-03-07 12:17:03 [DEBUG]:   MB_Option::_set()
2014-03-07 12:17:03 [DEBUG]:   MB_Option::getAll()
2014-03-07 12:17:03 [DEBUG]:   MB_Option::getInstance()
2014-03-07 12:17:03 [DEBUG]:   MB_Option::__get()
2014-03-07 12:17:03 [DEBUG]:   MB_Option::exists()
2014-03-07 12:17:03 [DEBUG]:   MB_Controller::run()
2014-03-07 12:17:03 [DEBUG]:   MB_Controller::runAction()
2014-03-07 12:17:03 [DEBUG]:   MB_Controller::runNotFound()
2014-03-07 12:17:03 [DEBUG]:   MB_Exception::showError()
2014-03-07 12:17:03 [DEBUG]:   MB_Exception::shutdownHandler()
2014-03-07 12:17:03 [DEBUG]: END 0.00584101677s

2014-03-07 12:17:03 [ERROR]: MB_Exception "Action 'Help' not found!" in /home/cisco211/PCT211/myBackup/core/Controller.class.php:69
#0 /home/cisco211/PCT211/myBackup/core/Controller.class.php(48): MB_Controller->runNotFound()
#1 /home/cisco211/PCT211/myBackup/core/Bootstrap.php(52): MB_Controller->run()
#2 /home/cisco211/PCT211/myBackup/index.php(14): require_once('/home/cisco211/...')
#3 {main}

2014-03-07 12:17:39 [DEBUG]: START
2014-03-07 12:17:39 [DEBUG]:  /home/cisco211/PCT211/myBackup/core/Bootstrap.php
2014-03-07 12:17:39 [DEBUG]:  /home/cisco211/PCT211/myBackup/core/Exception.class.php
2014-03-07 12:17:39 [DEBUG]:  /home/cisco211/PCT211/myBackup/core/Option.class.php
2014-03-07 12:17:39 [DEBUG]:  /home/cisco211/PCT211/myBackup/core/Config.class.php
2014-03-07 12:17:39 [DEBUG]:  /home/cisco211/PCT211/myBackup/core/Controller.class.php
2014-03-07 12:17:39 [DEBUG]:   MB_Controller::__construct()
2014-03-07 12:17:39 [DEBUG]:   MB_Controller::route()
2014-03-07 12:17:39 [DEBUG]:   MB_Option::getInstance()
2014-03-07 12:17:39 [DEBUG]:   MB_Option::__construct()
2014-03-07 12:17:39 [DEBUG]:   MB_Option::_set()
2014-03-07 12:17:39 [DEBUG]:   MB_Option::_set()
2014-03-07 12:17:39 [DEBUG]:   MB_Option::_set()
2014-03-07 12:17:39 [DEBUG]:   MB_Option::getAll()
2014-03-07 12:17:39 [DEBUG]:   MB_Option::getInstance()
2014-03-07 12:17:39 [DEBUG]:   MB_Option::__get()
2014-03-07 12:17:39 [DEBUG]:   MB_Option::exists()
2014-03-07 12:17:39 [DEBUG]:   MB_Controller::run()
2014-03-07 12:17:39 [DEBUG]:   MB_Controller::runAction()
2014-03-07 12:17:39 [DEBUG]:   MB_Controller::runNotFound()
2014-03-07 12:17:39 [DEBUG]:   MB_Exception::showError()
2014-03-07 12:17:39 [DEBUG]:   MB_Exception::shutdownHandler()
2014-03-07 12:17:39 [DEBUG]: END 0.01395487785s

2014-03-07 12:17:39 [ERROR]: MB_Exception "Action 'Help' not found!" in /home/cisco211/PCT211/myBackup/core/Controller.class.php:69
#0 /home/cisco211/PCT211/myBackup/core/Controller.class.php(48): MB_Controller->runNotFound()
#1 /home/cisco211/PCT211/myBackup/core/Bootstrap.php(52): MB_Controller->run()
#2 /home/cisco211/PCT211/myBackup/index.php(14): require_once('/home/cisco211/...')
#3 {main}

2014-03-07 12:18:04 [ERROR]: MB_Exception "Action 'Help' not found!" in /home/cisco211/PCT211/myBackup/core/Controller.class.php:69
#0 /home/cisco211/PCT211/myBackup/core/Controller.class.php(48): MB_Controller->runNotFound()
#1 /home/cisco211/PCT211/myBackup/core/Bootstrap.php(52): MB_Controller->run()
#2 /home/cisco211/PCT211/myBackup/index.php(14): require_once('/home/cisco211/...')
#3 {main}

2014-03-07 12:21:52 [DEBUG]: START
2014-03-07 12:21:52 [DEBUG]:  /home/cisco211/PCT211/myBackup/core/Bootstrap.php
2014-03-07 12:21:52 [DEBUG]:  /home/cisco211/PCT211/myBackup/core/Exception.class.php
2014-03-07 12:21:52 [DEBUG]:  /home/cisco211/PCT211/myBackup/core/Option.class.php
2014-03-07 12:21:52 [DEBUG]:  /home/cisco211/PCT211/myBackup/core/Config.class.php
2014-03-07 12:21:52 [DEBUG]:  /home/cisco211/PCT211/myBackup/core/Controller.class.php
2014-03-07 12:21:52 [DEBUG]:   MB_Controller::__construct()
2014-03-07 12:21:52 [DEBUG]:   MB_Controller::route()
2014-03-07 12:21:52 [DEBUG]:   MB_Option::getInstance()
2014-03-07 12:21:52 [DEBUG]:   MB_Option::__construct()
2014-03-07 12:21:52 [DEBUG]:   MB_Option::_set()
2014-03-07 12:21:52 [DEBUG]:   MB_Option::_set()
2014-03-07 12:21:52 [DEBUG]:   MB_Option::_set()
2014-03-07 12:21:52 [DEBUG]:   MB_Option::getAll()
2014-03-07 12:21:52 [DEBUG]:   MB_Option::getInstance()
2014-03-07 12:21:52 [DEBUG]:   MB_Option::__get()
2014-03-07 12:21:52 [DEBUG]:   MB_Option::exists()
2014-03-07 12:21:52 [DEBUG]:   MB_Controller::run()
2014-03-07 12:21:52 [DEBUG]:   MB_Controller::runAction()
2014-03-07 12:21:52 [DEBUG]:   MB_Exception::shutdownHandler()
2014-03-07 12:21:52 [DEBUG]: END 0.00565314293s

2014-03-07 12:23:05 [DEBUG]: START
2014-03-07 12:23:05 [DEBUG]:  /home/cisco211/PCT211/myBackup/core/Bootstrap.php
2014-03-07 12:23:05 [DEBUG]:  /home/cisco211/PCT211/myBackup/core/Exception.class.php
2014-03-07 12:23:05 [DEBUG]:  /home/cisco211/PCT211/myBackup/core/Option.class.php
2014-03-07 12:23:05 [DEBUG]:  /home/cisco211/PCT211/myBackup/core/Config.class.php
2014-03-07 12:23:05 [DEBUG]:  /home/cisco211/PCT211/myBackup/core/Controller.class.php
2014-03-07 12:23:05 [DEBUG]:   MB_Exception::errorHandler()
2014-03-07 12:23:05 [DEBUG]:   MB_Exception::showError()
2014-03-07 12:23:05 [DEBUG]:   MB_Exception::shutdownHandler()
2014-03-07 12:23:05 [DEBUG]: END 0.01223301888s

2014-03-07 12:23:05 [ERROR]: MB_Exception "Non-static method MB_Controller::shutdown() should not be called statically" in /home/cisco211/PCT211/myBackup/core/Controller.class.php:101
#0 [internal function]: MB_Exception::errorHandler(2048, 'Non-static meth...', '/home/cisco211/...', 101, Array)
#1 /home/cisco211/PCT211/myBackup/core/Controller.class.php(101): register_shutdown_function(Array)
#2 /home/cisco211/PCT211/myBackup/core/Bootstrap.php(46): require_once('/home/cisco211/...')
#3 /home/cisco211/PCT211/myBackup/index.php(14): require_once('/home/cisco211/...')
#4 {main}

2014-03-07 12:23:15 [DEBUG]: START
2014-03-07 12:23:15 [DEBUG]:  /home/cisco211/PCT211/myBackup/core/Bootstrap.php
2014-03-07 12:23:15 [DEBUG]:  /home/cisco211/PCT211/myBackup/core/Exception.class.php
2014-03-07 12:23:15 [DEBUG]:  /home/cisco211/PCT211/myBackup/core/Option.class.php
2014-03-07 12:23:15 [DEBUG]:  /home/cisco211/PCT211/myBackup/core/Config.class.php
2014-03-07 12:23:15 [DEBUG]:  /home/cisco211/PCT211/myBackup/core/Controller.class.php
2014-03-07 12:23:15 [DEBUG]:   MB_Controller::__construct()
2014-03-07 12:23:15 [DEBUG]:   MB_Controller::route()
2014-03-07 12:23:15 [DEBUG]:   MB_Option::getInstance()
2014-03-07 12:23:15 [DEBUG]:   MB_Option::__construct()
2014-03-07 12:23:15 [DEBUG]:   MB_Option::_set()
2014-03-07 12:23:15 [DEBUG]:   MB_Option::_set()
2014-03-07 12:23:15 [DEBUG]:   MB_Option::_set()
2014-03-07 12:23:15 [DEBUG]:   MB_Option::getAll()
2014-03-07 12:23:15 [DEBUG]:   MB_Option::getInstance()
2014-03-07 12:23:15 [DEBUG]:   MB_Option::__get()
2014-03-07 12:23:15 [DEBUG]:   MB_Option::exists()
2014-03-07 12:23:15 [DEBUG]:   MB_Controller::run()
2014-03-07 12:23:15 [DEBUG]:   MB_Controller::runAction()
2014-03-07 12:23:15 [DEBUG]:   MB_Exception::shutdownHandler()
2014-03-07 12:23:15 [DEBUG]: END 0.02289104462s

2014-03-07 12:23:15 [DEBUG]: START
2014-03-07 12:23:15 [DEBUG]:  shutdown()
2014-03-07 12:23:15 [DEBUG]:   MB_Controller::shutdown()
2014-03-07 12:23:15 [DEBUG]: END 4.005432E-5
2014-03-07 12:23:37 [DEBUG]: START
2014-03-07 12:23:37 [DEBUG]:  /home/cisco211/PCT211/myBackup/core/Bootstrap.php
2014-03-07 12:23:37 [DEBUG]:  /home/cisco211/PCT211/myBackup/core/Exception.class.php
2014-03-07 12:23:37 [DEBUG]:  /home/cisco211/PCT211/myBackup/core/Option.class.php
2014-03-07 12:23:37 [DEBUG]:  /home/cisco211/PCT211/myBackup/core/Config.class.php
2014-03-07 12:23:37 [DEBUG]:  /home/cisco211/PCT211/myBackup/core/Controller.class.php
2014-03-07 12:23:37 [DEBUG]:   MB_Controller::__construct()
2014-03-07 12:23:37 [DEBUG]:   MB_Controller::route()
2014-03-07 12:23:37 [DEBUG]:   MB_Option::getInstance()
2014-03-07 12:23:37 [DEBUG]:   MB_Option::__construct()
2014-03-07 12:23:37 [DEBUG]:   MB_Option::_set()
2014-03-07 12:23:37 [DEBUG]:   MB_Option::_set()
2014-03-07 12:23:37 [DEBUG]:   MB_Option::_set()
2014-03-07 12:23:37 [DEBUG]:   MB_Option::getAll()
2014-03-07 12:23:37 [DEBUG]:   MB_Option::getInstance()
2014-03-07 12:23:37 [DEBUG]:   MB_Option::__get()
2014-03-07 12:23:37 [DEBUG]:   MB_Option::exists()
2014-03-07 12:23:37 [DEBUG]:   MB_Controller::run()
2014-03-07 12:23:37 [DEBUG]:   MB_Controller::runAction()
2014-03-07 12:23:37 [DEBUG]:   MB_Exception::shutdownHandler()
2014-03-07 12:23:37 [DEBUG]: END 0.00998592377s

2014-03-07 12:23:37 [DEBUG]: START
2014-03-07 12:23:37 [DEBUG]:  shutdown()
2014-03-07 12:23:37 [DEBUG]:   MB_Controller::shutdown()
2014-03-07 12:23:37 [DEBUG]: END 9.608269E-5
2014-03-07 12:25:23 [DEBUG]: START
2014-03-07 12:25:23 [DEBUG]:  /home/cisco211/PCT211/myBackup/core/Bootstrap.php
2014-03-07 12:25:23 [DEBUG]:  /home/cisco211/PCT211/myBackup/core/Exception.class.php
2014-03-07 12:25:23 [DEBUG]:  /home/cisco211/PCT211/myBackup/core/Option.class.php
2014-03-07 12:25:23 [DEBUG]:  /home/cisco211/PCT211/myBackup/core/Config.class.php
2014-03-07 12:25:23 [DEBUG]:  /home/cisco211/PCT211/myBackup/core/Controller.class.php
2014-03-07 12:25:23 [DEBUG]:   MB_Controller::__construct()
2014-03-07 12:25:23 [DEBUG]:   MB_Controller::route()
2014-03-07 12:25:23 [DEBUG]:   MB_Option::getInstance()
2014-03-07 12:25:23 [DEBUG]:   MB_Option::__construct()
2014-03-07 12:25:23 [DEBUG]:   MB_Option::_set()
2014-03-07 12:25:23 [DEBUG]:   MB_Option::_set()
2014-03-07 12:25:23 [DEBUG]:   MB_Option::_set()
2014-03-07 12:25:23 [DEBUG]:   MB_Option::getAll()
2014-03-07 12:25:23 [DEBUG]:   MB_Option::getInstance()
2014-03-07 12:25:23 [DEBUG]:   MB_Option::__get()
2014-03-07 12:25:23 [DEBUG]:   MB_Option::exists()
2014-03-07 12:25:23 [DEBUG]:   MB_Controller::run()
2014-03-07 12:25:23 [DEBUG]:   MB_Controller::runAction()
2014-03-07 12:25:23 [DEBUG]:   MB_Exception::shutdownHandler()
2014-03-07 12:25:23 [DEBUG]: END 0.00615501404s

2014-03-07 12:25:23 [DEBUG]: START
2014-03-07 12:25:23 [DEBUG]:  shutdown()
2014-03-07 12:25:23 [DEBUG]:   MB_Controller::shutdown()
2014-03-07 12:25:23 [DEBUG]: END 4.315376E-5
2014-03-07 12:25:23 [DEBUG]: START
2014-03-07 12:25:23 [DEBUG]:  shutdown()
2014-03-07 12:25:23 [DEBUG]:   MB_Controller::shutdown()
2014-03-07 12:25:23 [DEBUG]: END 7.891655E-5
2014-03-07 12:26:30 [DEBUG]: START
2014-03-07 12:26:30 [DEBUG]:  /home/cisco211/PCT211/myBackup/core/Bootstrap.php
2014-03-07 12:26:30 [DEBUG]:  /home/cisco211/PCT211/myBackup/core/Exception.class.php
2014-03-07 12:26:30 [DEBUG]:  /home/cisco211/PCT211/myBackup/core/Option.class.php
2014-03-07 12:26:30 [DEBUG]:  /home/cisco211/PCT211/myBackup/core/Config.class.php
2014-03-07 12:26:30 [DEBUG]:  /home/cisco211/PCT211/myBackup/core/Controller.class.php
2014-03-07 12:26:30 [DEBUG]:   MB_Controller::__construct()
2014-03-07 12:26:30 [DEBUG]:   MB_Controller::route()
2014-03-07 12:26:30 [DEBUG]:   MB_Option::getInstance()
2014-03-07 12:26:30 [DEBUG]:   MB_Option::__construct()
2014-03-07 12:26:30 [DEBUG]:   MB_Option::_set()
2014-03-07 12:26:30 [DEBUG]:   MB_Option::_set()
2014-03-07 12:26:30 [DEBUG]:   MB_Option::_set()
2014-03-07 12:26:30 [DEBUG]:   MB_Option::getAll()
2014-03-07 12:26:30 [DEBUG]:   MB_Option::getInstance()
2014-03-07 12:26:30 [DEBUG]:   MB_Option::__get()
2014-03-07 12:26:30 [DEBUG]:   MB_Option::exists()
2014-03-07 12:26:30 [DEBUG]:   MB_Controller::run()
2014-03-07 12:26:30 [DEBUG]:   MB_Controller::runAction()
2014-03-07 12:26:30 [DEBUG]:   MB_Exception::shutdownHandler()
2014-03-07 12:26:30 [DEBUG]: END 0.01397109032s

2014-03-07 12:26:30 [DEBUG]:   MB_Controller::shutdown()
2014-03-07 12:30:57 [DEBUG]: START
2014-03-07 12:30:57 [DEBUG]:  /home/cisco211/PCT211/myBackup/core/Bootstrap.php
2014-03-07 12:30:57 [DEBUG]:  /home/cisco211/PCT211/myBackup/core/Exception.class.php
2014-03-07 12:30:57 [DEBUG]:  /home/cisco211/PCT211/myBackup/core/Option.class.php
2014-03-07 12:30:57 [DEBUG]:  /home/cisco211/PCT211/myBackup/core/Config.class.php
2014-03-07 12:30:57 [DEBUG]:  /home/cisco211/PCT211/myBackup/core/Controller.class.php
2014-03-07 12:30:57 [DEBUG]:   MB_Controller::__construct()
2014-03-07 12:30:57 [DEBUG]:   MB_Controller::route()
2014-03-07 12:30:57 [DEBUG]:   MB_Option::getInstance()
2014-03-07 12:30:57 [DEBUG]:   MB_Option::__construct()
2014-03-07 12:30:57 [DEBUG]:   MB_Option::_set()
2014-03-07 12:30:57 [DEBUG]:   MB_Option::_set()
2014-03-07 12:30:57 [DEBUG]:   MB_Option::_set()
2014-03-07 12:30:57 [DEBUG]:   MB_Option::getAll()
2014-03-07 12:30:57 [DEBUG]:   MB_Option::getInstance()
2014-03-07 12:30:57 [DEBUG]:   MB_Option::__get()
2014-03-07 12:30:57 [DEBUG]:   MB_Option::exists()
2014-03-07 12:30:57 [DEBUG]:   MB_Controller::run()
2014-03-07 12:30:57 [DEBUG]:   MB_Controller::runAction()
2014-03-07 12:31:07 [DEBUG]: START
2014-03-07 12:31:07 [DEBUG]:  /home/cisco211/PCT211/myBackup/core/Bootstrap.php
2014-03-07 12:31:07 [DEBUG]:  /home/cisco211/PCT211/myBackup/core/Exception.class.php
2014-03-07 12:31:07 [DEBUG]:  /home/cisco211/PCT211/myBackup/core/Option.class.php
2014-03-07 12:31:07 [DEBUG]:  /home/cisco211/PCT211/myBackup/core/Config.class.php
2014-03-07 12:31:07 [DEBUG]:  /home/cisco211/PCT211/myBackup/core/Controller.class.php
2014-03-07 12:31:07 [DEBUG]:   MB_Controller::__construct()
2014-03-07 12:31:07 [DEBUG]:   MB_Controller::route()
2014-03-07 12:31:07 [DEBUG]:   MB_Option::getInstance()
2014-03-07 12:31:07 [DEBUG]:   MB_Option::__construct()
2014-03-07 12:31:07 [DEBUG]:   MB_Option::_set()
2014-03-07 12:31:07 [DEBUG]:   MB_Option::_set()
2014-03-07 12:31:07 [DEBUG]:   MB_Option::_set()
2014-03-07 12:31:07 [DEBUG]:   MB_Option::getAll()
2014-03-07 12:31:07 [DEBUG]:   MB_Option::getInstance()
2014-03-07 12:31:07 [DEBUG]:   MB_Option::__get()
2014-03-07 12:31:07 [DEBUG]:   MB_Option::exists()
2014-03-07 12:31:07 [DEBUG]:   MB_Controller::run()
2014-03-07 12:31:07 [DEBUG]:   MB_Controller::runAction()
2014-03-07 12:33:22 [DEBUG]: START
2014-03-07 12:33:22 [DEBUG]:  /home/cisco211/PCT211/myBackup/core/Bootstrap.php
2014-03-07 12:33:22 [DEBUG]:  /home/cisco211/PCT211/myBackup/core/Exception.class.php
2014-03-07 12:33:22 [DEBUG]:  /home/cisco211/PCT211/myBackup/core/Option.class.php
2014-03-07 12:33:22 [DEBUG]:  /home/cisco211/PCT211/myBackup/core/Config.class.php
2014-03-07 12:33:22 [DEBUG]:  /home/cisco211/PCT211/myBackup/core/Controller.class.php
2014-03-07 12:33:22 [DEBUG]:   MB_Controller::__construct()
2014-03-07 12:33:22 [DEBUG]:   MB_Controller::route()
2014-03-07 12:33:22 [DEBUG]:   MB_Option::getInstance()
2014-03-07 12:33:22 [DEBUG]:   MB_Option::__construct()
2014-03-07 12:33:22 [DEBUG]:   MB_Option::_set()
2014-03-07 12:33:22 [DEBUG]:   MB_Option::_set()
2014-03-07 12:33:22 [DEBUG]:   MB_Option::_set()
2014-03-07 12:33:22 [DEBUG]:   MB_Option::getAll()
2014-03-07 12:33:22 [DEBUG]:   MB_Option::getInstance()
2014-03-07 12:33:22 [DEBUG]:   MB_Option::__get()
2014-03-07 12:33:22 [DEBUG]:   MB_Option::exists()
2014-03-07 12:33:22 [DEBUG]:   MB_Controller::run()
2014-03-07 12:33:22 [DEBUG]:   MB_Controller::runAction()
2014-03-07 12:33:22 [DEBUG]:   MB_Exception::shutdownHandler()
2014-03-07 12:33:22 [DEBUG]: END 0.01333594322s

2014-03-07 12:33:22 [DEBUG]:   MB_Controller::shutdown()
2014-03-07 12:33:22 [DEBUG]:   MB_Controller::shutdown()
2014-03-07 12:33:54 [DEBUG]: START
2014-03-07 12:33:54 [DEBUG]:  /home/cisco211/PCT211/myBackup/core/Bootstrap.php
2014-03-07 12:33:54 [DEBUG]:  /home/cisco211/PCT211/myBackup/core/Exception.class.php
2014-03-07 12:33:54 [DEBUG]:  /home/cisco211/PCT211/myBackup/core/Option.class.php
2014-03-07 12:33:54 [DEBUG]:  /home/cisco211/PCT211/myBackup/core/Config.class.php
2014-03-07 12:33:54 [DEBUG]:  /home/cisco211/PCT211/myBackup/core/Controller.class.php
2014-03-07 12:33:54 [DEBUG]:   MB_Controller::__construct()
2014-03-07 12:33:54 [DEBUG]:   MB_Controller::route()
2014-03-07 12:33:54 [DEBUG]:   MB_Option::getInstance()
2014-03-07 12:33:54 [DEBUG]:   MB_Option::__construct()
2014-03-07 12:33:54 [DEBUG]:   MB_Option::_set()
2014-03-07 12:33:54 [DEBUG]:   MB_Option::_set()
2014-03-07 12:33:54 [DEBUG]:   MB_Option::_set()
2014-03-07 12:33:54 [DEBUG]:   MB_Option::getAll()
2014-03-07 12:33:54 [DEBUG]:   MB_Option::getInstance()
2014-03-07 12:33:54 [DEBUG]:   MB_Option::__get()
2014-03-07 12:33:54 [DEBUG]:   MB_Option::exists()
2014-03-07 12:33:54 [DEBUG]:   MB_Controller::run()
2014-03-07 12:33:54 [DEBUG]:   MB_Controller::runAction()
2014-03-07 12:33:54 [DEBUG]:   MB_Exception::shutdownHandler()
2014-03-07 12:33:54 [DEBUG]: END 0.00998711586s

2014-03-07 12:33:54 [DEBUG]:   MB_Controller::shutdown()
2014-03-07 12:33:54 [DEBUG]:   MB_Controller::shutdown()
2014-03-07 12:34:22 [DEBUG]: START
2014-03-07 12:34:22 [DEBUG]:  /home/cisco211/PCT211/myBackup/core/Bootstrap.php
2014-03-07 12:34:22 [DEBUG]:  /home/cisco211/PCT211/myBackup/core/Exception.class.php
2014-03-07 12:34:22 [DEBUG]:  /home/cisco211/PCT211/myBackup/core/Option.class.php
2014-03-07 12:34:22 [DEBUG]:  /home/cisco211/PCT211/myBackup/core/Config.class.php
2014-03-07 12:34:22 [DEBUG]:  /home/cisco211/PCT211/myBackup/core/Controller.class.php
2014-03-07 12:34:22 [DEBUG]:   MB_Controller::__construct()
2014-03-07 12:34:22 [DEBUG]:   MB_Controller::route()
2014-03-07 12:34:22 [DEBUG]:   MB_Option::getInstance()
2014-03-07 12:34:22 [DEBUG]:   MB_Option::__construct()
2014-03-07 12:34:22 [DEBUG]:   MB_Option::_set()
2014-03-07 12:34:22 [DEBUG]:   MB_Option::_set()
2014-03-07 12:34:22 [DEBUG]:   MB_Option::_set()
2014-03-07 12:34:22 [DEBUG]:   MB_Option::getAll()
2014-03-07 12:34:22 [DEBUG]:   MB_Option::getInstance()
2014-03-07 12:34:22 [DEBUG]:   MB_Option::__get()
2014-03-07 12:34:22 [DEBUG]:   MB_Option::exists()
2014-03-07 12:34:22 [DEBUG]:   MB_Controller::run()
2014-03-07 12:34:22 [DEBUG]:   MB_Controller::runAction()
2014-03-07 12:34:22 [DEBUG]:   MB_Exception::shutdownHandler()
2014-03-07 12:34:22 [DEBUG]: END 0.0124900341s

2014-03-07 12:34:22 [DEBUG]:   MB_Controller::shutdown()
2014-03-07 12:38:29 [DEBUG]: START
2014-03-07 12:38:29 [DEBUG]:  /home/cisco211/PCT211/myBackup/core/Bootstrap.php
2014-03-07 12:38:29 [DEBUG]:  /home/cisco211/PCT211/myBackup/core/Exception.class.php
2014-03-07 12:38:29 [DEBUG]:  /home/cisco211/PCT211/myBackup/core/Option.class.php
2014-03-07 12:38:29 [DEBUG]:  /home/cisco211/PCT211/myBackup/core/Config.class.php
2014-03-07 12:38:29 [DEBUG]:  /home/cisco211/PCT211/myBackup/core/Controller.class.php
2014-03-07 12:38:29 [DEBUG]:   MB_Controller::__construct()
2014-03-07 12:38:29 [DEBUG]:   MB_Controller::route()
2014-03-07 12:38:29 [DEBUG]:   MB_Option::getInstance()
2014-03-07 12:38:29 [DEBUG]:   MB_Option::__construct()
2014-03-07 12:38:29 [DEBUG]:   MB_Option::_set()
2014-03-07 12:38:29 [DEBUG]:   MB_Option::_set()
2014-03-07 12:38:29 [DEBUG]:   MB_Option::_set()
2014-03-07 12:38:29 [DEBUG]:   MB_Option::getAll()
2014-03-07 12:38:29 [DEBUG]:   MB_Option::getInstance()
2014-03-07 12:38:29 [DEBUG]:   MB_Option::__get()
2014-03-07 12:38:29 [DEBUG]:   MB_Option::exists()
2014-03-07 12:38:29 [DEBUG]:   MB_Controller::run()
2014-03-07 12:38:29 [DEBUG]:   MB_Controller::runAction()
2014-03-07 12:38:29 [DEBUG]:   MB_Controller::shutdown()
2014-03-07 12:38:45 [DEBUG]: START
2014-03-07 12:38:45 [DEBUG]:  /home/cisco211/PCT211/myBackup/core/Bootstrap.php
2014-03-07 12:38:45 [DEBUG]:  /home/cisco211/PCT211/myBackup/core/Exception.class.php
2014-03-07 12:38:45 [DEBUG]:  /home/cisco211/PCT211/myBackup/core/Option.class.php
2014-03-07 12:38:45 [DEBUG]:  /home/cisco211/PCT211/myBackup/core/Config.class.php
2014-03-07 12:38:45 [DEBUG]:  /home/cisco211/PCT211/myBackup/core/Controller.class.php
2014-03-07 12:38:45 [DEBUG]:   MB_Controller::__construct()
2014-03-07 12:38:45 [DEBUG]:   MB_Controller::route()
2014-03-07 12:38:45 [DEBUG]:   MB_Option::getInstance()
2014-03-07 12:38:45 [DEBUG]:   MB_Option::__construct()
2014-03-07 12:38:45 [DEBUG]:   MB_Option::_set()
2014-03-07 12:38:45 [DEBUG]:   MB_Option::_set()
2014-03-07 12:38:45 [DEBUG]:   MB_Option::_set()
2014-03-07 12:38:45 [DEBUG]:   MB_Option::getAll()
2014-03-07 12:38:45 [DEBUG]:   MB_Option::getInstance()
2014-03-07 12:38:45 [DEBUG]:   MB_Option::__get()
2014-03-07 12:38:45 [DEBUG]:   MB_Option::exists()
2014-03-07 12:38:45 [DEBUG]:   MB_Controller::run()
2014-03-07 12:38:45 [DEBUG]:   MB_Controller::runAction()
2014-03-07 12:40:19 [DEBUG]: START
2014-03-07 12:40:19 [DEBUG]:  /home/cisco211/PCT211/myBackup/core/Bootstrap.php
2014-03-07 12:40:19 [DEBUG]:  /home/cisco211/PCT211/myBackup/core/Exception.class.php
2014-03-07 12:40:19 [DEBUG]:  /home/cisco211/PCT211/myBackup/core/Option.class.php
2014-03-07 12:40:19 [DEBUG]:  /home/cisco211/PCT211/myBackup/core/Config.class.php
2014-03-07 12:40:19 [DEBUG]:  /home/cisco211/PCT211/myBackup/core/Controller.class.php
2014-03-07 12:40:19 [DEBUG]:   MB_Controller::__construct()
2014-03-07 12:40:19 [DEBUG]:   MB_Controller::route()
2014-03-07 12:40:19 [DEBUG]:   MB_Option::getInstance()
2014-03-07 12:40:19 [DEBUG]:   MB_Option::__construct()
2014-03-07 12:40:19 [DEBUG]:   MB_Option::_set()
2014-03-07 12:40:19 [DEBUG]:   MB_Option::_set()
2014-03-07 12:40:19 [DEBUG]:   MB_Option::_set()
2014-03-07 12:40:19 [DEBUG]:   MB_Option::getAll()
2014-03-07 12:40:19 [DEBUG]:   MB_Option::getInstance()
2014-03-07 12:40:19 [DEBUG]:   MB_Option::__get()
2014-03-07 12:40:19 [DEBUG]:   MB_Option::exists()
2014-03-07 12:40:19 [DEBUG]:   MB_Controller::run()
2014-03-07 12:40:19 [DEBUG]:   MB_Controller::runAction()
2014-03-07 12:40:54 [DEBUG]: START
2014-03-07 12:40:54 [DEBUG]:  /home/cisco211/PCT211/myBackup/core/Bootstrap.php
2014-03-07 12:40:54 [DEBUG]:  /home/cisco211/PCT211/myBackup/core/Exception.class.php
2014-03-07 12:40:54 [DEBUG]:  /home/cisco211/PCT211/myBackup/core/Option.class.php
2014-03-07 12:40:54 [DEBUG]:  /home/cisco211/PCT211/myBackup/core/Config.class.php
2014-03-07 12:40:54 [DEBUG]:  /home/cisco211/PCT211/myBackup/core/Controller.class.php
2014-03-07 12:40:54 [DEBUG]:   MB_Controller::__construct()
2014-03-07 12:40:54 [DEBUG]:   MB_Controller::route()
2014-03-07 12:40:54 [DEBUG]:   MB_Option::getInstance()
2014-03-07 12:40:54 [DEBUG]:   MB_Option::__construct()
2014-03-07 12:40:54 [DEBUG]:   MB_Option::_set()
2014-03-07 12:40:54 [DEBUG]:   MB_Option::_set()
2014-03-07 12:40:54 [DEBUG]:   MB_Option::_set()
2014-03-07 12:40:54 [DEBUG]:   MB_Option::getAll()
2014-03-07 12:40:54 [DEBUG]:   MB_Option::getInstance()
2014-03-07 12:40:54 [DEBUG]:   MB_Option::__get()
2014-03-07 12:40:54 [DEBUG]:   MB_Option::exists()
2014-03-07 12:40:54 [DEBUG]:   MB_Controller::run()
2014-03-07 12:40:54 [DEBUG]:   MB_Controller::runAction()
2014-03-07 12:41:49 [DEBUG]: START
2014-03-07 12:41:49 [DEBUG]:  /home/cisco211/PCT211/myBackup/core/Bootstrap.php
2014-03-07 12:41:49 [DEBUG]:  /home/cisco211/PCT211/myBackup/core/Exception.class.php
2014-03-07 12:41:49 [DEBUG]:  /home/cisco211/PCT211/myBackup/core/Option.class.php
2014-03-07 12:41:49 [DEBUG]:  /home/cisco211/PCT211/myBackup/core/Config.class.php
2014-03-07 12:41:49 [DEBUG]:  /home/cisco211/PCT211/myBackup/core/Controller.class.php
2014-03-07 12:41:49 [DEBUG]:   MB_Controller::__construct()
2014-03-07 12:41:49 [DEBUG]:   MB_Controller::route()
2014-03-07 12:41:49 [DEBUG]:   MB_Option::getInstance()
2014-03-07 12:41:49 [DEBUG]:   MB_Option::__construct()
2014-03-07 12:41:49 [DEBUG]:   MB_Option::_set()
2014-03-07 12:41:49 [DEBUG]:   MB_Option::_set()
2014-03-07 12:41:49 [DEBUG]:   MB_Option::_set()
2014-03-07 12:41:49 [DEBUG]:   MB_Option::getAll()
2014-03-07 12:41:49 [DEBUG]:   MB_Option::getInstance()
2014-03-07 12:41:49 [DEBUG]:   MB_Option::__get()
2014-03-07 12:41:49 [DEBUG]:   MB_Option::exists()
2014-03-07 12:41:49 [DEBUG]:   MB_Controller::run()
2014-03-07 12:41:49 [DEBUG]:   MB_Controller::runAction()
2014-03-07 12:41:49 [DEBUG]:   MB_Exception::shutdownHandler()
2014-03-07 12:41:49 [DEBUG]: END 0.0135819912s

2014-03-07 12:46:02 [DEBUG]: START
2014-03-07 12:46:02 [DEBUG]:  /home/cisco211/PCT211/myBackup/core/Bootstrap.php
2014-03-07 12:46:02 [DEBUG]:  /home/cisco211/PCT211/myBackup/core/Exception.class.php
2014-03-07 12:46:02 [DEBUG]:  /home/cisco211/PCT211/myBackup/core/Option.class.php
2014-03-07 12:46:02 [DEBUG]:  /home/cisco211/PCT211/myBackup/core/Config.class.php
2014-03-07 12:46:02 [DEBUG]:  /home/cisco211/PCT211/myBackup/core/Controller.class.php
2014-03-07 12:46:02 [DEBUG]:   MB_Controller::__construct()
2014-03-07 12:46:02 [DEBUG]:   MB_Controller::route()
2014-03-07 12:46:02 [DEBUG]:   MB_Option::getInstance()
2014-03-07 12:46:02 [DEBUG]:   MB_Option::__construct()
2014-03-07 12:46:02 [DEBUG]:   MB_Option::_set()
2014-03-07 12:46:02 [DEBUG]:   MB_Option::_set()
2014-03-07 12:46:02 [DEBUG]:   MB_Option::_set()
2014-03-07 12:46:02 [DEBUG]:   MB_Option::getAll()
2014-03-07 12:46:02 [DEBUG]:   MB_Option::getInstance()
2014-03-07 12:46:02 [DEBUG]:   MB_Option::__get()
2014-03-07 12:46:02 [DEBUG]:   MB_Option::exists()
2014-03-07 12:46:02 [DEBUG]:   MB_Controller::run()
2014-03-07 12:46:02 [DEBUG]:   MB_Controller::runAction()
2014-03-07 12:46:02 [DEBUG]:   MB_Exception::shutdownHandler()
2014-03-07 12:46:02 [DEBUG]: END 0.00616884232s

2014-03-07 12:46:53 [DEBUG]: START
2014-03-07 12:46:53 [DEBUG]:  /home/cisco211/PCT211/myBackup/myBackup.ph
2014-03-07 12:46:53 [DEBUG]:  /home/cisco211/PCT211/myBackup/myBackup.ph
2014-03-07 12:46:53 [DEBUG]:  /home/cisco211/PCT211/myBackup/myBackup.ph
2014-03-07 12:46:53 [DEBUG]:  /home/cisco211/PCT211/myBackup/myBackup.ph
2014-03-07 12:46:53 [DEBUG]:  /home/cisco211/PCT211/myBackup/myBackup.ph
2014-03-07 12:46:53 [DEBUG]:   MB_Controller::__construct()
2014-03-07 12:46:53 [DEBUG]:   MB_Controller::route()
2014-03-07 12:46:53 [DEBUG]:   MB_Option::getInstance()
2014-03-07 12:46:53 [DEBUG]:   MB_Option::__construct()
2014-03-07 12:46:53 [DEBUG]:   MB_Option::_set()
2014-03-07 12:46:53 [DEBUG]:   MB_Option::_set()
2014-03-07 12:46:53 [DEBUG]:   MB_Option::_set()
2014-03-07 12:46:53 [DEBUG]:   MB_Option::getAll()
2014-03-07 12:46:53 [DEBUG]:   MB_Option::getInstance()
2014-03-07 12:46:53 [DEBUG]:   MB_Option::__get()
2014-03-07 12:46:53 [DEBUG]:   MB_Option::exists()
2014-03-07 12:46:53 [DEBUG]:   MB_Controller::run()
2014-03-07 12:46:53 [DEBUG]:   MB_Controller::runAction()
2014-03-07 12:46:53 [DEBUG]:   MB_Exception::shutdownHandler()
2014-03-07 12:46:53 [DEBUG]: END 0.00593900681s

2014-03-07 12:47:53 [DEBUG]: START
2014-03-07 12:47:53 [DEBUG]:  /home/cisco211/PCT211/myBackup/myBackup.ph
2014-03-07 12:47:53 [DEBUG]:  /home/cisco211/PCT211/myBackup/myBackup.ph
2014-03-07 12:47:53 [DEBUG]:  /home/cisco211/PCT211/myBackup/myBackup.ph
2014-03-07 12:47:53 [DEBUG]:  /home/cisco211/PCT211/myBackup/myBackup.ph
2014-03-07 12:47:53 [DEBUG]:  /home/cisco211/PCT211/myBackup/myBackup.ph
2014-03-07 12:47:53 [DEBUG]:   MB_Controller::__construct()
2014-03-07 12:47:53 [DEBUG]:   MB_Controller::route()
2014-03-07 12:47:53 [DEBUG]:   MB_Option::getInstance()
2014-03-07 12:47:53 [DEBUG]:   MB_Option::__construct()
2014-03-07 12:47:53 [DEBUG]:   MB_Option::_set()
2014-03-07 12:47:53 [DEBUG]:   MB_Option::_set()
2014-03-07 12:47:53 [DEBUG]:   MB_Option::_set()
2014-03-07 12:47:53 [DEBUG]:   MB_Option::getAll()
2014-03-07 12:47:53 [DEBUG]:   MB_Option::getInstance()
2014-03-07 12:47:53 [DEBUG]:   MB_Option::__get()
2014-03-07 12:47:53 [DEBUG]:   MB_Option::exists()
2014-03-07 12:47:53 [DEBUG]:   MB_Controller::run()
2014-03-07 12:47:53 [DEBUG]:   MB_Controller::runAction()
2014-03-07 12:47:53 [DEBUG]:   MB_Exception::shutdownHandler()
2014-03-07 12:47:53 [DEBUG]: END 0.01122283936s

2014-03-07 12:50:22 [DEBUG]: START
2014-03-07 12:50:22 [DEBUG]:  /home/cisco211/PCT211/myBackup/myBackup.ph
2014-03-07 12:50:22 [DEBUG]:  /home/cisco211/PCT211/myBackup/myBackup.ph
2014-03-07 12:50:22 [DEBUG]:  /home/cisco211/PCT211/myBackup/myBackup.ph
2014-03-07 12:50:22 [DEBUG]:  /home/cisco211/PCT211/myBackup/myBackup.ph
2014-03-07 12:50:22 [DEBUG]:  /home/cisco211/PCT211/myBackup/myBackup.ph
2014-03-07 12:50:22 [DEBUG]:   MB_Controller::__construct()
2014-03-07 12:50:22 [DEBUG]:   MB_Controller::route()
2014-03-07 12:50:22 [DEBUG]:   MB_Option::getInstance()
2014-03-07 12:50:22 [DEBUG]:   MB_Option::__construct()
2014-03-07 12:50:22 [DEBUG]:   MB_Option::_set()
2014-03-07 12:50:22 [DEBUG]:   MB_Option::_set()
2014-03-07 12:50:22 [DEBUG]:   MB_Option::_set()
2014-03-07 12:50:22 [DEBUG]:   MB_Option::getAll()
2014-03-07 12:50:22 [DEBUG]:   MB_Option::getInstance()
2014-03-07 12:50:22 [DEBUG]:   MB_Option::__get()
2014-03-07 12:50:22 [DEBUG]:   MB_Option::exists()
2014-03-07 12:50:22 [DEBUG]:   MB_Controller::run()
2014-03-07 12:50:22 [DEBUG]:   MB_Controller::runAction()
2014-03-07 12:50:22 [DEBUG]:   MB_Exception::shutdownHandler()
2014-03-07 12:50:22 [DEBUG]: END 0.01487016678s

2014-03-07 13:46:26 [DEBUG]: START
2014-03-07 13:46:26 [DEBUG]:  /home/cisco211/PCT211/myBackup/myBackup.ph
2014-03-07 13:46:26 [DEBUG]:  /home/cisco211/PCT211/myBackup/myBackup.ph
2014-03-07 13:46:26 [DEBUG]:  /home/cisco211/PCT211/myBackup/myBackup.ph
2014-03-07 13:46:26 [DEBUG]:  /home/cisco211/PCT211/myBackup/myBackup.ph
2014-03-07 13:46:26 [DEBUG]:  /home/cisco211/PCT211/myBackup/myBackup.ph
2014-03-07 13:46:26 [DEBUG]:   MB_Controller::__construct()
2014-03-07 13:46:26 [DEBUG]:   MB_Controller::route()
2014-03-07 13:46:26 [DEBUG]:   MB_Option::getInstance()
2014-03-07 13:46:26 [DEBUG]:   MB_Option::__construct()
2014-03-07 13:46:26 [DEBUG]:   MB_Option::_set()
2014-03-07 13:46:26 [DEBUG]:   MB_Option::_set()
2014-03-07 13:46:26 [DEBUG]:   MB_Option::_set()
2014-03-07 13:46:26 [DEBUG]:   MB_Option::getAll()
2014-03-07 13:46:26 [DEBUG]:   MB_Option::getInstance()
2014-03-07 13:46:26 [DEBUG]:   MB_Option::__get()
2014-03-07 13:46:26 [DEBUG]:   MB_Option::exists()
2014-03-07 13:46:26 [DEBUG]:   MB_Controller::run()
2014-03-07 13:46:26 [DEBUG]:   MB_Controller::runAction()
2014-03-07 13:46:26 [DEBUG]:   MB_Exception::shutdownHandler()
2014-03-07 13:46:26 [DEBUG]: END 0.01178693771s

